

Microchip MPLAB XC8 Assembler V2.31 build 20201012212115 
                                                                                               Wed Feb 10 15:47:13 2021

Microchip MPLAB XC8 C Compiler v2.31 (Free license) build 20201012212115 Og1 
     1                           	processor	18F27Q43
     2                           	fnconf	rparam,??,?,0
     3                           	pagewidth 120
     4                           	opt	flic
     5                           	psect	cinit,global,reloc=2,class=CODE,delta=1
     6                           	psect	bssCOMRAM,global,class=COMRAM,space=1,delta=1,lowdata,noexec
     7                           	psect	cstackCOMRAM,global,class=COMRAM,space=1,delta=1,lowdata,noexec
     8                           	psect	text0,global,reloc=2,class=CODE,delta=1
     9                           	psect	text1,global,reloc=2,class=CODE,delta=1
    10                           	psect	text2,global,reloc=2,class=CODE,delta=1
    11                           	psect	text3,global,reloc=2,class=CODE,delta=1
    12                           	psect	text4,global,reloc=2,class=CODE,delta=1
    13                           	psect	text5,global,reloc=2,class=CODE,delta=1
    14                           	psect	text6,global,reloc=2,class=CODE,delta=1
    15                           	psect	intsave_regs,global,class=BIGRAM,space=1,delta=1,noexec
    16                           	psect	rparam,global,class=COMRAM,space=1,delta=1,noexec
    17                           	psect	idloc,global,abs,ovrld,class=IDLOC,space=5,delta=1,noexec
    18                           	psect	config,global,abs,ovrld,class=CONFIG,space=4,delta=1,noexec
    19  0000                     
    20                           ; Version 2.30
    21                           ; Generated 20/08/2020 GMT
    22                           ; 
    23                           ; Copyright © 2020, Microchip Technology Inc. and its subsidiaries ("Microchip")
    24                           ; All rights reserved.
    25                           ; 
    26                           ; This software is developed by Microchip Technology Inc. and its subsidiaries ("Microch
      +                          ip").
    27                           ; 
    28                           ; Redistribution and use in source and binary forms, with or without modification, are
    29                           ; permitted provided that the following conditions are met:
    30                           ; 
    31                           ;     1. Redistributions of source code must retain the above copyright notice, this lis
      +                          t of
    32                           ;        conditions and the following disclaimer.
    33                           ; 
    34                           ;     2. Redistributions in binary form must reproduce the above copyright notice, this 
      +                          list
    35                           ;        of conditions and the following disclaimer in the documentation and/or other
    36                           ;        materials provided with the distribution. Publication is not required when
    37                           ;        this file is used in an embedded application.
    38                           ; 
    39                           ;     3. Microchip's name may not be used to endorse or promote products derived from th
      +                          is
    40                           ;        software without specific prior written permission.
    41                           ; 
    42                           ; THIS SOFTWARE IS PROVIDED BY MICROCHIP "AS IS" AND ANY EXPRESS OR IMPLIED WARRANTIES,
    43                           ; INCLUDING, BUT NOT LIMITED TO, THE IMPLIED WARRANTIES OF MERCHANTABILITY AND FITNESS F
      +                          OR
    44                           ; PURPOSE ARE DISCLAIMED.  IN NO EVENT SHALL MICROCHIP BE LIABLE FOR ANY DIRECT, INDIREC
      +                          T,
    45                           ; INCIDENTAL, SPECIAL, EXEMPLARY, OR CONSEQUENTIAL DAMAGES (INCLUDING BUT NOT LIMITED TO
    46                           ; PROCUREMENT OF SUBSTITUTE GOODS OR SERVICES; LOSS OF USE, DATA OR PROFITS; OR BUSINESS
    47                           ; INTERRUPTION) HOWSOEVER CAUSED AND ON ANY THEORY OF LIABILITY, WHETHER IN CONTRACT, ST
      +                          RICT
    48                           ; LIABILITY, OR TORT (INCLUDING NEGLIGENCE OR OTHERWISE) ARISING IN ANY WAY OUT OF THE U
      +                          SE OF
    49                           ; THIS SOFTWARE, EVEN IF ADVISED OF THE POSSIBILITY OF SUCH DAMAGE.
    50                           ; 
    51                           ; 
    52                           ; Code-generator required, PIC18F27Q43 Definitions
    53                           ; 
    54                           ; SFR Addresses
    55  0000                     _ANSELA	set	1024
    56  0000                     _TRISA	set	1222
    57  0000                     _LATA	set	1214
    58                           
    59                           ; #config settings
    60                           
    61                           	psect	cinit
    62  01FEFC                     __pcinit:
    63                           	callstack 0
    64  01FEFC                     start_initialization:
    65                           	callstack 0
    66  01FEFC                     __initialization:
    67                           	callstack 0
    68                           
    69                           ; Clear objects allocated to COMRAM (13 bytes)
    70  01FEFC  EE01  F101         	lfsr	0,__pbssCOMRAM
    71  01FF00  0E0D               	movlw	13
    72  01FF02                     clear_0:
    73  01FF02  6AEE               	clrf	postinc0,c
    74  01FF04  06E8               	decf	wreg,f,c
    75  01FF06  E1FD               	bnz	clear_0
    76  01FF08                     end_of_initialization:
    77                           	callstack 0
    78  01FF08                     __end_of__initialization:
    79                           	callstack 0
    80  01FF08  0100               	movlb	0
    81  01FF0A  EFA2  F0FF         	goto	_main	;jump to C main() function
    82                           
    83                           	psect	bssCOMRAM
    84  000501                     __pbssCOMRAM:
    85                           	callstack 0
    86  000501                     _G_u32SystemFlags:
    87                           	callstack 0
    88  000501                     	ds	4
    89  000505                     _G_u32SystemTime1s:
    90                           	callstack 0
    91  000505                     	ds	4
    92  000509                     _G_u32SystemTime1ms:
    93                           	callstack 0
    94  000509                     	ds	4
    95  00050D                     _G_u8UserAppFlags:
    96                           	callstack 0
    97  00050D                     	ds	1
    98                           
    99                           	psect	cstackCOMRAM
   100  00050E                     __pcstackCOMRAM:
   101                           	callstack 0
   102  00050E                     ??_UserAppInitialize:
   103  00050E                     UserAppRun@u32Counter:
   104                           	callstack 0
   105                           
   106                           ; 4 bytes @ 0x0
   107  00050E                     	ds	2
   108  000510                     UserAppInitialize@i:
   109                           	callstack 0
   110                           
   111                           ; 2 bytes @ 0x2
   112  000510                     	ds	2
   113  000512                     
   114                           ; 1 bytes @ 0x4
   115 ;;
   116 ;;Main: autosize = 0, tempsize = 0, incstack = 0, save=0
   117 ;;
   118 ;; *************** function _main *****************
   119 ;; Defined at:
   120 ;;		line 36 in file "main.c"
   121 ;; Parameters:    Size  Location     Type
   122 ;;		None
   123 ;; Auto vars:     Size  Location     Type
   124 ;;		None
   125 ;; Return value:  Size  Location     Type
   126 ;;                  1    wreg      void 
   127 ;; Registers used:
   128 ;;		wreg, status,2, status,0, cstack
   129 ;; Tracked objects:
   130 ;;		On entry : 0/0
   131 ;;		On exit  : 0/0
   132 ;;		Unchanged: 0/0
   133 ;; Data sizes:     COMRAM   BANK5   BANK6   BANK7   BANK8   BANK9  BANK10  BANK11  BANK12  BANK13  BANK14  BANK15  BANK1
      +6  BANK17  BANK18  BANK19  BANK20  BANK21  BANK22  BANK23  BANK24  BANK25  BANK26  BANK27  BANK28  BANK29  BANK30  BANK3
      +1  BANK32  BANK33  BANK34  BANK35  BANK36  BANK37
   134 ;;      Params:         0       0       0       0       0       0       0       0       0       0       0       0       
      +0       0       0       0       0       0       0       0       0       0       0       0       0       0       0       
      +0       0       0       0       0       0       0
   135 ;;      Locals:         0       0       0       0       0       0       0       0       0       0       0       0       
      +0       0       0       0       0       0       0       0       0       0       0       0       0       0       0       
      +0       0       0       0       0       0       0
   136 ;;      Temps:          0       0       0       0       0       0       0       0       0       0       0       0       
      +0       0       0       0       0       0       0       0       0       0       0       0       0       0       0       
      +0       0       0       0       0       0       0
   137 ;;      Totals:         0       0       0       0       0       0       0       0       0       0       0       0       
      +0       0       0       0       0       0       0       0       0       0       0       0       0       0       0       
      +0       0       0       0       0       0       0
   138 ;;Total ram usage:        0 bytes
   139 ;; Hardware stack levels required when called:    1
   140 ;; This function calls:
   141 ;;		_ClockSetup
   142 ;;		_GpioSetup
   143 ;;		_SysTickSetup
   144 ;;		_SystemSleep
   145 ;;		_UserAppInitialize
   146 ;;		_UserAppRun
   147 ;; This function is called by:
   148 ;;		Startup code after reset
   149 ;; This function uses a non-reentrant model
   150 ;;
   151                           
   152                           	psect	text0
   153  01FF44                     __ptext0:
   154                           	callstack 0
   155  01FF44                     _main:
   156                           	callstack 127
   157  01FF44                     
   158                           ;main.c: 38:   G_u32SystemFlags |= (u32)0x80000000;
   159  01FF44  8E04               	bsf	(_G_u32SystemFlags+3)^(0+1280),7,c	;volatile
   160  01FF46                     
   161                           ;main.c: 41:   ClockSetup();
   162  01FF46  EC7C  F0FF         	call	_ClockSetup	;wreg free
   163  01FF4A                     
   164                           ;main.c: 42:   SysTickSetup();
   165  01FF4A  EC91  F0FF         	call	_SysTickSetup	;wreg free
   166  01FF4E                     
   167                           ;main.c: 43:   GpioSetup();
   168  01FF4E  EC87  F0FF         	call	_GpioSetup	;wreg free
   169  01FF52                     
   170                           ;main.c: 48:   UserAppInitialize();
   171  01FF52  ECB3  F0FF         	call	_UserAppInitialize	;wreg free
   172  01FF56                     l796:
   173                           
   174                           ;main.c: 54:   {;main.c: 58:     UserAppRun();
   175  01FF56  ECD6  F0FF         	call	_UserAppRun	;wreg free
   176  01FF5A                     
   177                           ;main.c: 63:     SystemSleep();
   178  01FF5A  EC7D  F0FF         	call	_SystemSleep	;wreg free
   179  01FF5E  EFAB  F0FF         	goto	l796
   180  01FF62  EFFE  F0FF         	goto	start
   181  01FF66                     __end_of_main:
   182                           	callstack 0
   183                           
   184 ;; *************** function _UserAppRun *****************
   185 ;; Defined at:
   186 ;;		line 102 in file "user_app.c"
   187 ;; Parameters:    Size  Location     Type
   188 ;;		None
   189 ;; Auto vars:     Size  Location     Type
   190 ;;  u32Counter      4    0[COMRAM] unsigned long 
   191 ;; Return value:  Size  Location     Type
   192 ;;                  1    wreg      void 
   193 ;; Registers used:
   194 ;;		wreg, status,2, status,0
   195 ;; Tracked objects:
   196 ;;		On entry : 0/0
   197 ;;		On exit  : 0/0
   198 ;;		Unchanged: 0/0
   199 ;; Data sizes:     COMRAM   BANK5   BANK6   BANK7   BANK8   BANK9  BANK10  BANK11  BANK12  BANK13  BANK14  BANK15  BANK1
      +6  BANK17  BANK18  BANK19  BANK20  BANK21  BANK22  BANK23  BANK24  BANK25  BANK26  BANK27  BANK28  BANK29  BANK30  BANK3
      +1  BANK32  BANK33  BANK34  BANK35  BANK36  BANK37
   200 ;;      Params:         0       0       0       0       0       0       0       0       0       0       0       0       
      +0       0       0       0       0       0       0       0       0       0       0       0       0       0       0       
      +0       0       0       0       0       0       0
   201 ;;      Locals:         4       0       0       0       0       0       0       0       0       0       0       0       
      +0       0       0       0       0       0       0       0       0       0       0       0       0       0       0       
      +0       0       0       0       0       0       0
   202 ;;      Temps:          0       0       0       0       0       0       0       0       0       0       0       0       
      +0       0       0       0       0       0       0       0       0       0       0       0       0       0       0       
      +0       0       0       0       0       0       0
   203 ;;      Totals:         4       0       0       0       0       0       0       0       0       0       0       0       
      +0       0       0       0       0       0       0       0       0       0       0       0       0       0       0       
      +0       0       0       0       0       0       0
   204 ;;Total ram usage:        4 bytes
   205 ;; Hardware stack levels used:    1
   206 ;; This function calls:
   207 ;;		Nothing
   208 ;; This function is called by:
   209 ;;		_main
   210 ;; This function uses a non-reentrant model
   211 ;;
   212                           
   213                           	psect	text1
   214  01FFAC                     __ptext1:
   215                           	callstack 0
   216  01FFAC                     _UserAppRun:
   217                           	callstack 127
   218  01FFAC                     
   219                           ;user_app.c: 104:     LATA = 0x80;
   220  01FFAC  0E80               	movlw	128
   221  01FFAE  6EBE               	movwf	190,c	;volatile
   222                           
   223                           ;user_app.c: 105:     u32 u32Counter;;user_app.c: 106:     while(LATA<0xBF)
   224  01FFB0  EFF5  F0FF         	goto	l768
   225  01FFB4                     l762:
   226                           
   227                           ;user_app.c: 107:     {;user_app.c: 108:         LATA++;
   228  01FFB4  2ABE               	incf	190,f,c	;volatile
   229  01FFB6                     
   230                           ;user_app.c: 109:         u32Counter = 500000;
   231  01FFB6  0E20               	movlw	32
   232  01FFB8  6E0E               	movwf	UserAppRun@u32Counter^(0+1280),c
   233  01FFBA  0EA1               	movlw	161
   234  01FFBC  6E0F               	movwf	(UserAppRun@u32Counter+1)^(0+1280),c
   235  01FFBE  0E07               	movlw	7
   236  01FFC0  6E10               	movwf	(UserAppRun@u32Counter+2)^(0+1280),c
   237  01FFC2  0E00               	movlw	0
   238  01FFC4  6E11               	movwf	(UserAppRun@u32Counter+3)^(0+1280),c
   239                           
   240                           ;user_app.c: 110:         while(u32Counter > 0)
   241  01FFC6  EFEA  F0FF         	goto	l64
   242  01FFCA                     l766:
   243                           
   244                           ;user_app.c: 111:         {;user_app.c: 112:             u32Counter--;
   245  01FFCA  060E               	decf	UserAppRun@u32Counter^(0+1280),f,c
   246  01FFCC  0E00               	movlw	0
   247  01FFCE  5A0F               	subwfb	(UserAppRun@u32Counter+1)^(0+1280),f,c
   248  01FFD0  5A10               	subwfb	(UserAppRun@u32Counter+2)^(0+1280),f,c
   249  01FFD2  5A11               	subwfb	(UserAppRun@u32Counter+3)^(0+1280),f,c
   250  01FFD4                     l64:
   251                           
   252                           ;user_app.c: 110:         while(u32Counter > 0)
   253  01FFD4  500E               	movf	UserAppRun@u32Counter^(0+1280),w,c
   254  01FFD6  100F               	iorwf	(UserAppRun@u32Counter+1)^(0+1280),w,c
   255  01FFD8  1010               	iorwf	(UserAppRun@u32Counter+2)^(0+1280),w,c
   256  01FFDA  1011               	iorwf	(UserAppRun@u32Counter+3)^(0+1280),w,c
   257  01FFDC  A4D8               	btfss	status,2,c
   258  01FFDE  EFF3  F0FF         	goto	u21
   259  01FFE2  EFF5  F0FF         	goto	u20
   260  01FFE6                     u21:
   261  01FFE6  EFE5  F0FF         	goto	l766
   262  01FFEA                     u20:
   263  01FFEA                     l768:
   264                           
   265                           ;user_app.c: 106:     while(LATA<0xBF)
   266  01FFEA  0EBE               	movlw	190
   267  01FFEC  64BE               	cpfsgt	190,c	;volatile
   268  01FFEE  EFFB  F0FF         	goto	u31
   269  01FFF2  EFFD  F0FF         	goto	u30
   270  01FFF6                     u31:
   271  01FFF6  EFDA  F0FF         	goto	l762
   272  01FFFA                     u30:
   273  01FFFA  0012               	return		;funcret
   274  01FFFC                     __end_of_UserAppRun:
   275                           	callstack 0
   276                           
   277 ;; *************** function _UserAppInitialize *****************
   278 ;; Defined at:
   279 ;;		line 78 in file "user_app.c"
   280 ;; Parameters:    Size  Location     Type
   281 ;;		None
   282 ;; Auto vars:     Size  Location     Type
   283 ;;  i               2    2[COMRAM] int 
   284 ;; Return value:  Size  Location     Type
   285 ;;                  1    wreg      void 
   286 ;; Registers used:
   287 ;;		wreg, status,2, status,0
   288 ;; Tracked objects:
   289 ;;		On entry : 0/0
   290 ;;		On exit  : 0/0
   291 ;;		Unchanged: 0/0
   292 ;; Data sizes:     COMRAM   BANK5   BANK6   BANK7   BANK8   BANK9  BANK10  BANK11  BANK12  BANK13  BANK14  BANK15  BANK1
      +6  BANK17  BANK18  BANK19  BANK20  BANK21  BANK22  BANK23  BANK24  BANK25  BANK26  BANK27  BANK28  BANK29  BANK30  BANK3
      +1  BANK32  BANK33  BANK34  BANK35  BANK36  BANK37
   293 ;;      Params:         0       0       0       0       0       0       0       0       0       0       0       0       
      +0       0       0       0       0       0       0       0       0       0       0       0       0       0       0       
      +0       0       0       0       0       0       0
   294 ;;      Locals:         2       0       0       0       0       0       0       0       0       0       0       0       
      +0       0       0       0       0       0       0       0       0       0       0       0       0       0       0       
      +0       0       0       0       0       0       0
   295 ;;      Temps:          2       0       0       0       0       0       0       0       0       0       0       0       
      +0       0       0       0       0       0       0       0       0       0       0       0       0       0       0       
      +0       0       0       0       0       0       0
   296 ;;      Totals:         4       0       0       0       0       0       0       0       0       0       0       0       
      +0       0       0       0       0       0       0       0       0       0       0       0       0       0       0       
      +0       0       0       0       0       0       0
   297 ;;Total ram usage:        4 bytes
   298 ;; Hardware stack levels used:    1
   299 ;; This function calls:
   300 ;;		Nothing
   301 ;; This function is called by:
   302 ;;		_main
   303 ;; This function uses a non-reentrant model
   304 ;;
   305                           
   306                           	psect	text2
   307  01FF66                     __ptext2:
   308                           	callstack 0
   309  01FF66                     _UserAppInitialize:
   310                           	callstack 127
   311  01FF66                     
   312                           ;user_app.c: 81:     for(int i =0; i<12;i++)
   313  01FF66  0E00               	movlw	0
   314  01FF68  6E11               	movwf	(UserAppInitialize@i+1)^(0+1280),c
   315  01FF6A  0E00               	movlw	0
   316  01FF6C  6E10               	movwf	UserAppInitialize@i^(0+1280),c
   317  01FF6E                     l754:
   318                           
   319                           ;user_app.c: 82:     {;user_app.c: 83:         LATA ^= 0x3F;
   320  01FF6E  0E3F               	movlw	63
   321  01FF70  1ABE               	xorwf	190,f,c	;volatile
   322  01FF72                     
   323                           ;user_app.c: 84:         _delay((unsigned long)((250)*(64000000/4000.0)));
   324  01FF72  0E15               	movlw	21
   325  01FF74  6E0F               	movwf	(??_UserAppInitialize+1)^(0+1280),c
   326  01FF76  0E4B               	movlw	75
   327  01FF78  6E0E               	movwf	??_UserAppInitialize^(0+1280),c
   328  01FF7A  0EBE               	movlw	190
   329  01FF7C                     u47:
   330  01FF7C  2EE8               	decfsz	wreg,f,c
   331  01FF7E  D7FE               	bra	u47
   332  01FF80  2E0E               	decfsz	??_UserAppInitialize^(0+1280),f,c
   333  01FF82  D7FC               	bra	u47
   334  01FF84  2E0F               	decfsz	(??_UserAppInitialize+1)^(0+1280),f,c
   335  01FF86  D7FA               	bra	u47
   336  01FF88  D000               	nop2	
   337                           
   338                           ;user_app.c: 85:     }
   339  01FF8A  4A10               	infsnz	UserAppInitialize@i^(0+1280),f,c
   340  01FF8C  2A11               	incf	(UserAppInitialize@i+1)^(0+1280),f,c
   341  01FF8E  BE11               	btfsc	(UserAppInitialize@i+1)^(0+1280),7,c
   342  01FF90  EFD3  F0FF         	goto	u11
   343  01FF94  5011               	movf	(UserAppInitialize@i+1)^(0+1280),w,c
   344  01FF96  E109               	bnz	u10
   345  01FF98  0E0C               	movlw	12
   346  01FF9A  5C10               	subwf	UserAppInitialize@i^(0+1280),w,c
   347  01FF9C  A0D8               	btfss	status,0,c
   348  01FF9E  EFD3  F0FF         	goto	u11
   349  01FFA2  EFD5  F0FF         	goto	u10
   350  01FFA6                     u11:
   351  01FFA6  EFB7  F0FF         	goto	l754
   352  01FFAA                     u10:
   353  01FFAA  0012               	return		;funcret
   354  01FFAC                     __end_of_UserAppInitialize:
   355                           	callstack 0
   356                           
   357 ;; *************** function _SystemSleep *****************
   358 ;; Defined at:
   359 ;;		line 132 in file "encm369_pic18.c"
   360 ;; Parameters:    Size  Location     Type
   361 ;;		None
   362 ;; Auto vars:     Size  Location     Type
   363 ;;		None
   364 ;; Return value:  Size  Location     Type
   365 ;;                  1    wreg      void 
   366 ;; Registers used:
   367 ;;		None
   368 ;; Tracked objects:
   369 ;;		On entry : 0/0
   370 ;;		On exit  : 0/0
   371 ;;		Unchanged: 0/0
   372 ;; Data sizes:     COMRAM   BANK5   BANK6   BANK7   BANK8   BANK9  BANK10  BANK11  BANK12  BANK13  BANK14  BANK15  BANK1
      +6  BANK17  BANK18  BANK19  BANK20  BANK21  BANK22  BANK23  BANK24  BANK25  BANK26  BANK27  BANK28  BANK29  BANK30  BANK3
      +1  BANK32  BANK33  BANK34  BANK35  BANK36  BANK37
   373 ;;      Params:         0       0       0       0       0       0       0       0       0       0       0       0       
      +0       0       0       0       0       0       0       0       0       0       0       0       0       0       0       
      +0       0       0       0       0       0       0
   374 ;;      Locals:         0       0       0       0       0       0       0       0       0       0       0       0       
      +0       0       0       0       0       0       0       0       0       0       0       0       0       0       0       
      +0       0       0       0       0       0       0
   375 ;;      Temps:          0       0       0       0       0       0       0       0       0       0       0       0       
      +0       0       0       0       0       0       0       0       0       0       0       0       0       0       0       
      +0       0       0       0       0       0       0
   376 ;;      Totals:         0       0       0       0       0       0       0       0       0       0       0       0       
      +0       0       0       0       0       0       0       0       0       0       0       0       0       0       0       
      +0       0       0       0       0       0       0
   377 ;;Total ram usage:        0 bytes
   378 ;; Hardware stack levels used:    1
   379 ;; This function calls:
   380 ;;		Nothing
   381 ;; This function is called by:
   382 ;;		_main
   383 ;; This function uses a non-reentrant model
   384 ;;
   385                           
   386                           	psect	text3
   387  01FEFA                     __ptext3:
   388                           	callstack 0
   389  01FEFA                     _SystemSleep:
   390                           	callstack 127
   391  01FEFA  0012               	return		;funcret
   392  01FEFC                     __end_of_SystemSleep:
   393                           	callstack 0
   394                           
   395 ;; *************** function _SysTickSetup *****************
   396 ;; Defined at:
   397 ;;		line 110 in file "encm369_pic18.c"
   398 ;; Parameters:    Size  Location     Type
   399 ;;		None
   400 ;; Auto vars:     Size  Location     Type
   401 ;;		None
   402 ;; Return value:  Size  Location     Type
   403 ;;                  1    wreg      void 
   404 ;; Registers used:
   405 ;;		wreg, status,2
   406 ;; Tracked objects:
   407 ;;		On entry : 0/0
   408 ;;		On exit  : 0/0
   409 ;;		Unchanged: 0/0
   410 ;; Data sizes:     COMRAM   BANK5   BANK6   BANK7   BANK8   BANK9  BANK10  BANK11  BANK12  BANK13  BANK14  BANK15  BANK1
      +6  BANK17  BANK18  BANK19  BANK20  BANK21  BANK22  BANK23  BANK24  BANK25  BANK26  BANK27  BANK28  BANK29  BANK30  BANK3
      +1  BANK32  BANK33  BANK34  BANK35  BANK36  BANK37
   411 ;;      Params:         0       0       0       0       0       0       0       0       0       0       0       0       
      +0       0       0       0       0       0       0       0       0       0       0       0       0       0       0       
      +0       0       0       0       0       0       0
   412 ;;      Locals:         0       0       0       0       0       0       0       0       0       0       0       0       
      +0       0       0       0       0       0       0       0       0       0       0       0       0       0       0       
      +0       0       0       0       0       0       0
   413 ;;      Temps:          0       0       0       0       0       0       0       0       0       0       0       0       
      +0       0       0       0       0       0       0       0       0       0       0       0       0       0       0       
      +0       0       0       0       0       0       0
   414 ;;      Totals:         0       0       0       0       0       0       0       0       0       0       0       0       
      +0       0       0       0       0       0       0       0       0       0       0       0       0       0       0       
      +0       0       0       0       0       0       0
   415 ;;Total ram usage:        0 bytes
   416 ;; Hardware stack levels used:    1
   417 ;; This function calls:
   418 ;;		Nothing
   419 ;; This function is called by:
   420 ;;		_main
   421 ;; This function uses a non-reentrant model
   422 ;;
   423                           
   424                           	psect	text4
   425  01FF22                     __ptext4:
   426                           	callstack 0
   427  01FF22                     _SysTickSetup:
   428                           	callstack 127
   429  01FF22                     
   430                           ;encm369_pic18.c: 112:   G_u32SystemTime1ms = 0;
   431  01FF22  0E00               	movlw	0
   432  01FF24  6E09               	movwf	_G_u32SystemTime1ms^(0+1280),c	;volatile
   433  01FF26  0E00               	movlw	0
   434  01FF28  6E0A               	movwf	(_G_u32SystemTime1ms+1)^(0+1280),c	;volatile
   435  01FF2A  0E00               	movlw	0
   436  01FF2C  6E0B               	movwf	(_G_u32SystemTime1ms+2)^(0+1280),c	;volatile
   437  01FF2E  0E00               	movlw	0
   438  01FF30  6E0C               	movwf	(_G_u32SystemTime1ms+3)^(0+1280),c	;volatile
   439                           
   440                           ;encm369_pic18.c: 113:   G_u32SystemTime1s = 0;
   441  01FF32  0E00               	movlw	0
   442  01FF34  6E05               	movwf	_G_u32SystemTime1s^(0+1280),c	;volatile
   443  01FF36  0E00               	movlw	0
   444  01FF38  6E06               	movwf	(_G_u32SystemTime1s+1)^(0+1280),c	;volatile
   445  01FF3A  0E00               	movlw	0
   446  01FF3C  6E07               	movwf	(_G_u32SystemTime1s+2)^(0+1280),c	;volatile
   447  01FF3E  0E00               	movlw	0
   448  01FF40  6E08               	movwf	(_G_u32SystemTime1s+3)^(0+1280),c	;volatile
   449  01FF42  0012               	return		;funcret
   450  01FF44                     __end_of_SysTickSetup:
   451                           	callstack 0
   452                           
   453 ;; *************** function _GpioSetup *****************
   454 ;; Defined at:
   455 ;;		line 89 in file "encm369_pic18.c"
   456 ;; Parameters:    Size  Location     Type
   457 ;;		None
   458 ;; Auto vars:     Size  Location     Type
   459 ;;		None
   460 ;; Return value:  Size  Location     Type
   461 ;;                  1    wreg      void 
   462 ;; Registers used:
   463 ;;		wreg, status,2
   464 ;; Tracked objects:
   465 ;;		On entry : 0/0
   466 ;;		On exit  : 0/0
   467 ;;		Unchanged: 0/0
   468 ;; Data sizes:     COMRAM   BANK5   BANK6   BANK7   BANK8   BANK9  BANK10  BANK11  BANK12  BANK13  BANK14  BANK15  BANK1
      +6  BANK17  BANK18  BANK19  BANK20  BANK21  BANK22  BANK23  BANK24  BANK25  BANK26  BANK27  BANK28  BANK29  BANK30  BANK3
      +1  BANK32  BANK33  BANK34  BANK35  BANK36  BANK37
   469 ;;      Params:         0       0       0       0       0       0       0       0       0       0       0       0       
      +0       0       0       0       0       0       0       0       0       0       0       0       0       0       0       
      +0       0       0       0       0       0       0
   470 ;;      Locals:         0       0       0       0       0       0       0       0       0       0       0       0       
      +0       0       0       0       0       0       0       0       0       0       0       0       0       0       0       
      +0       0       0       0       0       0       0
   471 ;;      Temps:          0       0       0       0       0       0       0       0       0       0       0       0       
      +0       0       0       0       0       0       0       0       0       0       0       0       0       0       0       
      +0       0       0       0       0       0       0
   472 ;;      Totals:         0       0       0       0       0       0       0       0       0       0       0       0       
      +0       0       0       0       0       0       0       0       0       0       0       0       0       0       0       
      +0       0       0       0       0       0       0
   473 ;;Total ram usage:        0 bytes
   474 ;; Hardware stack levels used:    1
   475 ;; This function calls:
   476 ;;		Nothing
   477 ;; This function is called by:
   478 ;;		_main
   479 ;; This function uses a non-reentrant model
   480 ;;
   481                           
   482                           	psect	text5
   483  01FF0E                     __ptext5:
   484                           	callstack 0
   485  01FF0E                     _GpioSetup:
   486                           	callstack 127
   487  01FF0E                     
   488                           ;encm369_pic18.c: 91: LATA = 0x00;
   489  01FF0E  0E00               	movlw	0
   490  01FF10  6EBE               	movwf	190,c	;volatile
   491                           
   492                           ;encm369_pic18.c: 92: ANSELA = 0x00;
   493  01FF12  0E00               	movlw	0
   494  01FF14  0104               	movlb	4	; () banked
   495  01FF16  6F00               	movwf	0,b	;volatile
   496                           
   497                           ;encm369_pic18.c: 93: TRISA = 0x00;
   498  01FF18  0E00               	movlw	0
   499  01FF1A  6EC6               	movwf	198,c	;volatile
   500                           
   501                           ;encm369_pic18.c: 94: LATA = 0x80;
   502  01FF1C  0E80               	movlw	128
   503  01FF1E  6EBE               	movwf	190,c	;volatile
   504  01FF20                     
   505                           ; BSR set to: 4
   506  01FF20  0012               	return		;funcret
   507  01FF22                     __end_of_GpioSetup:
   508                           	callstack 0
   509                           
   510 ;; *************** function _ClockSetup *****************
   511 ;; Defined at:
   512 ;;		line 70 in file "encm369_pic18.c"
   513 ;; Parameters:    Size  Location     Type
   514 ;;		None
   515 ;; Auto vars:     Size  Location     Type
   516 ;;		None
   517 ;; Return value:  Size  Location     Type
   518 ;;                  1    wreg      void 
   519 ;; Registers used:
   520 ;;		None
   521 ;; Tracked objects:
   522 ;;		On entry : 0/0
   523 ;;		On exit  : 0/0
   524 ;;		Unchanged: 0/0
   525 ;; Data sizes:     COMRAM   BANK5   BANK6   BANK7   BANK8   BANK9  BANK10  BANK11  BANK12  BANK13  BANK14  BANK15  BANK1
      +6  BANK17  BANK18  BANK19  BANK20  BANK21  BANK22  BANK23  BANK24  BANK25  BANK26  BANK27  BANK28  BANK29  BANK30  BANK3
      +1  BANK32  BANK33  BANK34  BANK35  BANK36  BANK37
   526 ;;      Params:         0       0       0       0       0       0       0       0       0       0       0       0       
      +0       0       0       0       0       0       0       0       0       0       0       0       0       0       0       
      +0       0       0       0       0       0       0
   527 ;;      Locals:         0       0       0       0       0       0       0       0       0       0       0       0       
      +0       0       0       0       0       0       0       0       0       0       0       0       0       0       0       
      +0       0       0       0       0       0       0
   528 ;;      Temps:          0       0       0       0       0       0       0       0       0       0       0       0       
      +0       0       0       0       0       0       0       0       0       0       0       0       0       0       0       
      +0       0       0       0       0       0       0
   529 ;;      Totals:         0       0       0       0       0       0       0       0       0       0       0       0       
      +0       0       0       0       0       0       0       0       0       0       0       0       0       0       0       
      +0       0       0       0       0       0       0
   530 ;;Total ram usage:        0 bytes
   531 ;; Hardware stack levels used:    1
   532 ;; This function calls:
   533 ;;		Nothing
   534 ;; This function is called by:
   535 ;;		_main
   536 ;; This function uses a non-reentrant model
   537 ;;
   538                           
   539                           	psect	text6
   540  01FEF8                     __ptext6:
   541                           	callstack 0
   542  01FEF8                     _ClockSetup:
   543                           	callstack 127
   544  01FEF8  0012               	return		;funcret
   545  01FEFA                     __end_of_ClockSetup:
   546                           	callstack 0
   547  0000                     
   548                           	psect	rparam
   549  0000                     
   550                           	psect	idloc
   551                           
   552                           ;Config register IDLOC0 @ 0x200000
   553                           ;	unspecified, using default values
   554  200000                     	org	2097152
   555  200000  0FFF               	dw	4095
   556                           
   557                           ;Config register IDLOC1 @ 0x200002
   558                           ;	unspecified, using default values
   559  200002                     	org	2097154
   560  200002  0FFF               	dw	4095
   561                           
   562                           ;Config register IDLOC2 @ 0x200004
   563                           ;	unspecified, using default values
   564  200004                     	org	2097156
   565  200004  0FFF               	dw	4095
   566                           
   567                           ;Config register IDLOC3 @ 0x200006
   568                           ;	unspecified, using default values
   569  200006                     	org	2097158
   570  200006  0FFF               	dw	4095
   571                           
   572                           ;Config register IDLOC4 @ 0x200008
   573                           ;	unspecified, using default values
   574  200008                     	org	2097160
   575  200008  0FFF               	dw	4095
   576                           
   577                           ;Config register IDLOC5 @ 0x20000A
   578                           ;	unspecified, using default values
   579  20000A                     	org	2097162
   580  20000A  0FFF               	dw	4095
   581                           
   582                           ;Config register IDLOC6 @ 0x20000C
   583                           ;	unspecified, using default values
   584  20000C                     	org	2097164
   585  20000C  0FFF               	dw	4095
   586                           
   587                           ;Config register IDLOC7 @ 0x20000E
   588                           ;	unspecified, using default values
   589  20000E                     	org	2097166
   590  20000E  0FFF               	dw	4095
   591                           
   592                           ;Config register IDLOC8 @ 0x200010
   593                           ;	unspecified, using default values
   594  200010                     	org	2097168
   595  200010  0FFF               	dw	4095
   596                           
   597                           ;Config register IDLOC9 @ 0x200012
   598                           ;	unspecified, using default values
   599  200012                     	org	2097170
   600  200012  0FFF               	dw	4095
   601                           
   602                           ;Config register IDLOC10 @ 0x200014
   603                           ;	unspecified, using default values
   604  200014                     	org	2097172
   605  200014  0FFF               	dw	4095
   606                           
   607                           ;Config register IDLOC11 @ 0x200016
   608                           ;	unspecified, using default values
   609  200016                     	org	2097174
   610  200016  0FFF               	dw	4095
   611                           
   612                           ;Config register IDLOC12 @ 0x200018
   613                           ;	unspecified, using default values
   614  200018                     	org	2097176
   615  200018  0FFF               	dw	4095
   616                           
   617                           ;Config register IDLOC13 @ 0x20001A
   618                           ;	unspecified, using default values
   619  20001A                     	org	2097178
   620  20001A  0FFF               	dw	4095
   621                           
   622                           ;Config register IDLOC14 @ 0x20001C
   623                           ;	unspecified, using default values
   624  20001C                     	org	2097180
   625  20001C  0FFF               	dw	4095
   626                           
   627                           ;Config register IDLOC15 @ 0x20001E
   628                           ;	unspecified, using default values
   629  20001E                     	org	2097182
   630  20001E  0FFF               	dw	4095
   631                           
   632                           	psect	config
   633                           
   634                           ;Config register CONFIG1 @ 0x300000
   635                           ;	External Oscillator Selection
   636                           ;	FEXTOSC = OFF, Oscillator not enabled
   637                           ;	Reset Oscillator Selection
   638                           ;	RSTOSC = HFINTOSC_64MHZ, HFINTOSC with HFFRQ = 64 MHz and CDIV = 1:1
   639  300000                     	org	3145728
   640  300000  8C                 	db	140
   641                           
   642                           ;Config register CONFIG2 @ 0x300001
   643                           ;	Clock out Enable bit
   644                           ;	CLKOUTEN = ON, CLKOUT function is enabled
   645                           ;	PRLOCKED One-Way Set Enable bit
   646                           ;	PR1WAY = ON, PRLOCKED bit can be cleared and set only once
   647                           ;	Clock Switch Enable bit
   648                           ;	CSWEN = ON, Writing to NOSC and NDIV is allowed
   649                           ;	Fail-Safe Clock Monitor Enable bit
   650                           ;	FCMEN = ON, Fail-Safe Clock Monitor enabled
   651  300001                     	org	3145729
   652  300001  FE                 	db	254
   653                           
   654                           ;Config register CONFIG3 @ 0x300002
   655                           ;	MCLR Enable bit
   656                           ;	MCLRE = EXTMCLR, If LVP = 0, MCLR pin is MCLR; If LVP = 1, RE3 pin function is MCLR
   657                           ;	Power-up timer selection bits
   658                           ;	PWRTS = PWRT_OFF, PWRT is disabled
   659                           ;	Multi-vector enable bit
   660                           ;	MVECEN = ON, Multi-vector enabled, Vector table used for interrupts
   661                           ;	IVTLOCK bit One-way set enable bit
   662                           ;	IVT1WAY = ON, IVTLOCKED bit can be cleared and set only once
   663                           ;	Low Power BOR Enable bit
   664                           ;	LPBOREN = OFF, Low-Power BOR disabled
   665                           ;	Brown-out Reset Enable bits
   666                           ;	BOREN = SBORDIS, Brown-out Reset enabled , SBOREN bit is ignored
   667  300002                     	org	3145730
   668  300002  FF                 	db	255
   669                           
   670                           ;Config register CONFIG4 @ 0x300003
   671                           ;	Brown-out Reset Voltage Selection bits
   672                           ;	BORV = VBOR_2P85, Brown-out Reset Voltage (VBOR) set to 2.8V
   673                           ;	ZCD Disable bit
   674                           ;	ZCD = OFF, ZCD module is disabled. ZCD can be enabled by setting the ZCDSEN bit of ZCD
      +                          CON
   675                           ;	PPSLOCK bit One-Way Set Enable bit
   676                           ;	PPS1WAY = ON, PPSLOCKED bit can be cleared and set only once; PPS registers remain loc
      +                          ked after one clear/set cycle
   677                           ;	Stack Full/Underflow Reset Enable bit
   678                           ;	STVREN = ON, Stack full/underflow will cause Reset
   679                           ;	Low Voltage Programming Enable bit
   680                           ;	LVP = ON, Low voltage programming enabled. MCLR/VPP pin function is MCLR. MCLRE config
      +                          uration bit is ignored
   681                           ;	Extended Instruction Set Enable bit
   682                           ;	XINST = OFF, Extended Instruction Set and Indexed Addressing Mode disabled
   683  300003                     	org	3145731
   684  300003  FC                 	db	252
   685                           
   686                           ;Config register CONFIG5 @ 0x300004
   687                           ;	WDT Period selection bits
   688                           ;	WDTCPS = WDTCPS_31, Divider ratio 1:65536; software control of WDTPS
   689                           ;	WDT operating mode
   690                           ;	WDTE = OFF, WDT Disabled; SWDTEN is ignored
   691  300004                     	org	3145732
   692  300004  9F                 	db	159
   693                           
   694                           ;Config register CONFIG6 @ 0x300005
   695                           ;	WDT Window Select bits
   696                           ;	WDTCWS = WDTCWS_7, window always open (100%); software control; keyed access not requi
      +                          red
   697                           ;	WDT input clock selector
   698                           ;	WDTCCS = SC, Software Control
   699  300005                     	org	3145733
   700  300005  FF                 	db	255
   701                           
   702                           ;Config register CONFIG7 @ 0x300006
   703                           ;	Boot Block Size selection bits
   704                           ;	BBSIZE = BBSIZE_512, Boot Block size is 512 words
   705                           ;	Boot Block enable bit
   706                           ;	BBEN = OFF, Boot block disabled
   707                           ;	Storage Area Flash enable bit
   708                           ;	SAFEN = OFF, SAF disabled
   709                           ;	Background Debugger
   710                           ;	DEBUG = OFF, Background Debugger disabled
   711  300006                     	org	3145734
   712  300006  FF                 	db	255
   713                           
   714                           ;Config register CONFIG8 @ 0x300007
   715                           ;	Boot Block Write Protection bit
   716                           ;	WRTB = OFF, Boot Block not Write protected
   717                           ;	Configuration Register Write Protection bit
   718                           ;	WRTC = OFF, Configuration registers not Write protected
   719                           ;	Data EEPROM Write Protection bit
   720                           ;	WRTD = OFF, Data EEPROM not Write protected
   721                           ;	SAF Write protection bit
   722                           ;	WRTSAF = OFF, SAF not Write Protected
   723                           ;	Application Block write protection bit
   724                           ;	WRTAPP = OFF, Application Block not write protected
   725  300007                     	org	3145735
   726  300007  FF                 	db	255
   727                           
   728                           ; Padding undefined space
   729  300008                     	org	3145736
   730  300008  FF                 	db	255
   731                           
   732                           ;Config register CONFIG10 @ 0x300009
   733                           ;	PFM and Data EEPROM Code Protection bit
   734                           ;	CP = OFF, PFM and Data EEPROM code protection disabled
   735  300009                     	org	3145737
   736  300009  FF                 	db	255
   737                           tosu	equ	0x4FF
   738                           tosh	equ	0x4FE
   739                           tosl	equ	0x4FD
   740                           stkptr	equ	0x4FC
   741                           pclatu	equ	0x4FB
   742                           pclath	equ	0x4FA
   743                           pcl	equ	0x4F9
   744                           tblptru	equ	0x4F8
   745                           tblptrh	equ	0x4F7
   746                           tblptrl	equ	0x4F6
   747                           tablat	equ	0x4F5
   748                           prodh	equ	0x4F4
   749                           prodl	equ	0x4F3
   750                           indf0	equ	0x4EF
   751                           postinc0	equ	0x4EE
   752                           postdec0	equ	0x4ED
   753                           preinc0	equ	0x4EC
   754                           plusw0	equ	0x4EB
   755                           fsr0h	equ	0x4EA
   756                           fsr0l	equ	0x4E9
   757                           wreg	equ	0x4E8
   758                           indf1	equ	0x4E7
   759                           postinc1	equ	0x4E6
   760                           postdec1	equ	0x4E5
   761                           preinc1	equ	0x4E4
   762                           plusw1	equ	0x4E3
   763                           fsr1h	equ	0x4E2
   764                           fsr1l	equ	0x4E1
   765                           bsr	equ	0x4E0
   766                           indf2	equ	0x4DF
   767                           postinc2	equ	0x4DE
   768                           postdec2	equ	0x4DD
   769                           preinc2	equ	0x4DC
   770                           plusw2	equ	0x4DB
   771                           fsr2h	equ	0x4DA
   772                           fsr2l	equ	0x4D9
   773                           status	equ	0x4D8

Data Sizes:
    Strings     0
    Constant    0
    Data        0
    BSS         13
    Persistent  0
    Stack       0

Auto Spaces:
    Space          Size  Autos    Used
    COMRAM           95      4      17
    BANK5           160      0       0
    BANK6           256      0       0
    BANK7           256      0       0
    BANK8           256      0       0
    BANK9           256      0       0
    BANK10          256      0       0
    BANK11          256      0       0
    BANK12          256      0       0
    BANK13          256      0       0
    BANK14          256      0       0
    BANK15          256      0       0
    BANK16          256      0       0
    BANK17          256      0       0
    BANK18          256      0       0
    BANK19          256      0       0
    BANK20          256      0       0
    BANK21          256      0       0
    BANK22          256      0       0
    BANK23          256      0       0
    BANK24          256      0       0
    BANK25          256      0       0
    BANK26          256      0       0
    BANK27          256      0       0
    BANK28          256      0       0
    BANK29          256      0       0
    BANK30          256      0       0
    BANK31          256      0       0
    BANK32          256      0       0
    BANK33          256      0       0
    BANK34          256      0       0
    BANK35          256      0       0
    BANK36          256      0       0
    BANK37          256      0       0

Pointer List with Targets:

    None.

Critical Paths under _main in COMRAM

    _main->_UserAppInitialize
    _main->_UserAppRun

Critical Paths under _main in BANK5

    None.

Critical Paths under _main in BANK6

    None.

Critical Paths under _main in BANK7

    None.

Critical Paths under _main in BANK8

    None.

Critical Paths under _main in BANK9

    None.

Critical Paths under _main in BANK10

    None.

Critical Paths under _main in BANK11

    None.

Critical Paths under _main in BANK12

    None.

Critical Paths under _main in BANK13

    None.

Critical Paths under _main in BANK14

    None.

Critical Paths under _main in BANK15

    None.

Critical Paths under _main in BANK16

    None.

Critical Paths under _main in BANK17

    None.

Critical Paths under _main in BANK18

    None.

Critical Paths under _main in BANK19

    None.

Critical Paths under _main in BANK20

    None.

Critical Paths under _main in BANK21

    None.

Critical Paths under _main in BANK22

    None.

Critical Paths under _main in BANK23

    None.

Critical Paths under _main in BANK24

    None.

Critical Paths under _main in BANK25

    None.

Critical Paths under _main in BANK26

    None.

Critical Paths under _main in BANK27

    None.

Critical Paths under _main in BANK28

    None.

Critical Paths under _main in BANK29

    None.

Critical Paths under _main in BANK30

    None.

Critical Paths under _main in BANK31

    None.

Critical Paths under _main in BANK32

    None.

Critical Paths under _main in BANK33

    None.

Critical Paths under _main in BANK34

    None.

Critical Paths under _main in BANK35

    None.

Critical Paths under _main in BANK36

    None.

Critical Paths under _main in BANK37

    None.

Call Graph Tables:

 ---------------------------------------------------------------------------------
 (Depth) Function   	        Calls       Base Space   Used Autos Params    Refs
 ---------------------------------------------------------------------------------
 (0) _main                                                 0     0      0      45
                         _ClockSetup
                          _GpioSetup
                       _SysTickSetup
                        _SystemSleep
                  _UserAppInitialize
                         _UserAppRun
 ---------------------------------------------------------------------------------
 (1) _UserAppRun                                           4     4      0      15
                                              0 COMRAM     4     4      0
 ---------------------------------------------------------------------------------
 (1) _UserAppInitialize                                    4     4      0      30
                                              0 COMRAM     4     4      0
 ---------------------------------------------------------------------------------
 (1) _SystemSleep                                          0     0      0       0
 ---------------------------------------------------------------------------------
 (1) _SysTickSetup                                         0     0      0       0
 ---------------------------------------------------------------------------------
 (1) _GpioSetup                                            0     0      0       0
 ---------------------------------------------------------------------------------
 (1) _ClockSetup                                           0     0      0       0
 ---------------------------------------------------------------------------------
 Estimated maximum stack depth 1
 ---------------------------------------------------------------------------------

 Call Graph Graphs:

 _main (ROOT)
   _ClockSetup
   _GpioSetup
   _SysTickSetup
   _SystemSleep
   _UserAppInitialize
   _UserAppRun

 Address spaces:
Name               Size   Autos  Total    Cost      Usage
BIGRAM            20FF      0       0      71        0.0%
EEDATA             400      0       0       0        0.0%
BITBANK37          100      0       0      70        0.0%
BANK37             100      0       0      68        0.0%
BITBANK36          100      0       0      66        0.0%
BANK36             100      0       0      67        0.0%
BITBANK35          100      0       0      64        0.0%
BANK35             100      0       0      65        0.0%
BITBANK34          100      0       0      62        0.0%
BANK34             100      0       0      63        0.0%
BITBANK33          100      0       0      60        0.0%
BANK33             100      0       0      61        0.0%
BITBANK32          100      0       0      58        0.0%
BANK32             100      0       0      59        0.0%
BITBANK31          100      0       0      56        0.0%
BANK31             100      0       0      57        0.0%
BITBANK30          100      0       0      54        0.0%
BANK30             100      0       0      55        0.0%
BITBANK29          100      0       0      52        0.0%
BANK29             100      0       0      53        0.0%
BITBANK28          100      0       0      50        0.0%
BANK28             100      0       0      51        0.0%
BITBANK27          100      0       0      48        0.0%
BANK27             100      0       0      49        0.0%
BITBANK26          100      0       0      46        0.0%
BANK26             100      0       0      47        0.0%
BITBANK25          100      0       0      44        0.0%
BANK25             100      0       0      45        0.0%
BITBANK24          100      0       0      42        0.0%
BANK24             100      0       0      43        0.0%
BITBANK23          100      0       0      40        0.0%
BANK23             100      0       0      41        0.0%
BITBANK22          100      0       0      38        0.0%
BANK22             100      0       0      39        0.0%
BITBANK21          100      0       0      36        0.0%
BANK21             100      0       0      37        0.0%
BITBANK20          100      0       0      34        0.0%
BANK20             100      0       0      35        0.0%
BITBANK19          100      0       0      32        0.0%
BANK19             100      0       0      33        0.0%
BITBANK18          100      0       0      30        0.0%
BANK18             100      0       0      31        0.0%
BITBANK17          100      0       0      28        0.0%
BANK17             100      0       0      29        0.0%
BITBANK16          100      0       0      26        0.0%
BANK16             100      0       0      27        0.0%
BITBANK15          100      0       0      24        0.0%
BANK15             100      0       0      25        0.0%
BITBANK14          100      0       0      22        0.0%
BANK14             100      0       0      23        0.0%
BITBANK13          100      0       0      20        0.0%
BANK13             100      0       0      21        0.0%
BITBANK12          100      0       0      18        0.0%
BANK12             100      0       0      19        0.0%
BITBANK11          100      0       0      16        0.0%
BANK11             100      0       0      17        0.0%
BITBANK10          100      0       0      14        0.0%
BANK10             100      0       0      15        0.0%
BITBANK9           100      0       0      12        0.0%
BANK9              100      0       0      13        0.0%
BITBANK8           100      0       0      10        0.0%
BANK8              100      0       0      11        0.0%
BITBANK7           100      0       0       8        0.0%
BANK7              100      0       0       9        0.0%
BITBANK6           100      0       0       6        0.0%
BANK6              100      0       0       7        0.0%
BITBANK5            A0      0       0       4        0.0%
BANK5               A0      0       0       5        0.0%
BITCOMRAM           5F      0       0       0        0.0%
COMRAM              5F      4      11       1       17.9%
BITSFR_5             0      0       0     200        0.0%
SFR_5                0      0       0     200        0.0%
BITSFR_4             0      0       0     200        0.0%
SFR_4                0      0       0     200        0.0%
BITSFR_3             0      0       0     200        0.0%
SFR_3                0      0       0     200        0.0%
BITSFR_2             0      0       0     200        0.0%
SFR_2                0      0       0     200        0.0%
BITSFR_1             0      0       0     200        0.0%
SFR_1                0      0       0     200        0.0%
BITSFR               0      0       0     200        0.0%
SFR                  0      0       0     200        0.0%
STACK                0      0       0       2        0.0%
NULL                 0      0       0       0        0.0%
ABS                  0      0      11      69        0.0%
DATA                 0      0      11       3        0.0%
CODE                 0      0       0       0        0.0%


Microchip Technology PIC18 Macro Assembler V2.31 build 20201012212115 
Symbol Table                                                                                   Wed Feb 10 15:47:13 2021

     __size_of_SysTickSetup 0022                          l13 FEF8                          l22 FEFA  
                        l16 FF20                          l19 FF42                          l64 FFD4  
                        l59 FFAA                          l68 FFFA                          u10 FFAA  
                        u11 FFA6                          u20 FFEA                          u21 FFE6  
                        u30 FFFA                          u31 FFF6                          u47 FF7C  
                       l744 FF0E                         l760 FFAC                         l754 FF6E  
                       l762 FFB4                         l756 FF72                         l748 FF66  
                       l764 FFB6                         l758 FF8E                         l766 FFCA  
                       l790 FF4A                         l784 FF22                         l768 FFEA  
                       l792 FF4E                         l794 FF52                         l786 FF44  
                       l796 FF56                         l788 FF46                         l798 FF5A  
                       wreg 0004E8                        _LATA 0004BE                        _main FF44  
              _SysTickSetup FF22                        start FFFC        __size_of_SystemSleep 0002  
              ___param_bank 000000                  _ClockSetup FEF8                       ?_main 050E  
                     _TRISA 0004C6                       status 0004D8             __initialization FEFC  
              __end_of_main FF66                      ??_main 0512               __activetblptr 000000  
                    _ANSELA 000400          __size_of_GpioSetup 0014          UserAppInitialize@i 0510  
               ?_ClockSetup 050E                      clear_0 FF02                  _UserAppRun FFAC  
                __accesstop 0560     __end_of__initialization FF08               ___rparam_used 000001  
          _G_u8UserAppFlags 050D              __pcstackCOMRAM 050E           __end_of_GpioSetup FF22  
       __size_of_ClockSetup 0002                 ?_UserAppRun 050E               ??_SystemSleep 050E  
                   __Hparam 0000                     __Lparam 0000                     __pcinit FEFC  
                   __ramtop 2600                     __ptext0 FF44                     __ptext1 FFAC  
                   __ptext2 FF66                     __ptext3 FEFA                     __ptext4 FF22  
                   __ptext5 FF0E                     __ptext6 FEF8        end_of_initialization FF08  
          _G_u32SystemFlags 0501                     postinc0 0004EE         __end_of_SystemSleep FEFC  
              ??_ClockSetup 050E         __size_of_UserAppRun 0050        UserAppRun@u32Counter 050E  
        __end_of_ClockSetup FEFA                   _GpioSetup FF0E         start_initialization FEFC  
             ?_SysTickSetup 050E                 _SystemSleep FEFA                  ?_GpioSetup 050E  
               __pbssCOMRAM 0501           _UserAppInitialize FF66                ??_UserAppRun 050E  
        ?_UserAppInitialize 050E              ??_SysTickSetup 050E         ??_UserAppInitialize 050E  
        __end_of_UserAppRun FFFC   __end_of_UserAppInitialize FFAC                 ??_GpioSetup 050E  
                  __Hrparam 0000                    __Lrparam 0000        __end_of_SysTickSetup FF44  
__size_of_UserAppInitialize 0046               __size_of_main 0022                ?_SystemSleep 050E  
        _G_u32SystemTime1ms 0509           _G_u32SystemTime1s 0505  
