

Microchip MPLAB XC8 Assembler V2.31 build 20201012212115 
                                                                                               Tue Mar 09 23:24:19 2021

Microchip MPLAB XC8 C Compiler v2.31 (Free license) build 20201012212115 Og1 
     1                           	processor	18F27Q43
     2                           	fnconf	rparam,??,?,0
     3                           	pagewidth 120
     4                           	opt	flic
     5                           	psect	idataBANK6,global,class=CODE,delta=1,noexec
     6                           	psect	cinit,global,reloc=2,class=CODE,delta=1
     7                           	psect	bssCOMRAM,global,class=COMRAM,space=1,delta=1,lowdata,noexec
     8                           	psect	dataBANK6,global,class=BANK6,space=1,delta=1,lowdata,noexec
     9                           	psect	cstackCOMRAM,global,class=COMRAM,space=1,delta=1,lowdata,noexec
    10                           	psect	text0,global,reloc=2,class=CODE,delta=1
    11                           	psect	text1,global,reloc=2,class=CODE,delta=1
    12                           	psect	text2,global,reloc=2,class=CODE,delta=1
    13                           	psect	text3,global,reloc=2,class=CODE,delta=1
    14                           	psect	text4,global,reloc=2,class=CODE,delta=1
    15                           	psect	text5,global,reloc=2,class=CODE,delta=1
    16                           	psect	text6,global,reloc=2,class=CODE,delta=1
    17                           	psect	text7,global,reloc=2,class=CODE,delta=1
    18                           	psect	intsave_regs,global,class=BIGRAM,space=1,delta=1,noexec
    19                           	psect	rparam,global,class=COMRAM,space=1,delta=1,noexec
    20                           	psect	idloc,global,abs,ovrld,class=IDLOC,space=5,delta=1,noexec
    21                           	psect	config,global,abs,ovrld,class=CONFIG,space=4,delta=1,noexec
    22  0000                     
    23                           ; Version 2.30
    24                           ; Generated 20/08/2020 GMT
    25                           ; 
    26                           ; Copyright © 2020, Microchip Technology Inc. and its subsidiaries ("Microchip")
    27                           ; All rights reserved.
    28                           ; 
    29                           ; This software is developed by Microchip Technology Inc. and its subsidiaries ("Microch
      +                          ip").
    30                           ; 
    31                           ; Redistribution and use in source and binary forms, with or without modification, are
    32                           ; permitted provided that the following conditions are met:
    33                           ; 
    34                           ;     1. Redistributions of source code must retain the above copyright notice, this lis
      +                          t of
    35                           ;        conditions and the following disclaimer.
    36                           ; 
    37                           ;     2. Redistributions in binary form must reproduce the above copyright notice, this 
      +                          list
    38                           ;        of conditions and the following disclaimer in the documentation and/or other
    39                           ;        materials provided with the distribution. Publication is not required when
    40                           ;        this file is used in an embedded application.
    41                           ; 
    42                           ;     3. Microchip's name may not be used to endorse or promote products derived from th
      +                          is
    43                           ;        software without specific prior written permission.
    44                           ; 
    45                           ; THIS SOFTWARE IS PROVIDED BY MICROCHIP "AS IS" AND ANY EXPRESS OR IMPLIED WARRANTIES,
    46                           ; INCLUDING, BUT NOT LIMITED TO, THE IMPLIED WARRANTIES OF MERCHANTABILITY AND FITNESS F
      +                          OR
    47                           ; PURPOSE ARE DISCLAIMED.  IN NO EVENT SHALL MICROCHIP BE LIABLE FOR ANY DIRECT, INDIREC
      +                          T,
    48                           ; INCIDENTAL, SPECIAL, EXEMPLARY, OR CONSEQUENTIAL DAMAGES (INCLUDING BUT NOT LIMITED TO
    49                           ; PROCUREMENT OF SUBSTITUTE GOODS OR SERVICES; LOSS OF USE, DATA OR PROFITS; OR BUSINESS
    50                           ; INTERRUPTION) HOWSOEVER CAUSED AND ON ANY THEORY OF LIABILITY, WHETHER IN CONTRACT, ST
      +                          RICT
    51                           ; LIABILITY, OR TORT (INCLUDING NEGLIGENCE OR OTHERWISE) ARISING IN ANY WAY OUT OF THE U
      +                          SE OF
    52                           ; THIS SOFTWARE, EVEN IF ADVISED OF THE POSSIBILITY OF SUCH DAMAGE.
    53                           ; 
    54                           ; 
    55                           ; Code-generator required, PIC18F27Q43 Definitions
    56                           ; 
    57                           ; SFR Addresses
    58  0000                     
    59                           	psect	idataBANK6
    60  01FEFC                     __pidataBANK6:
    61                           	callstack 0
    62                           
    63                           ;initializer for UserAppRun@UserApp_au8sinTable
    64  01FEFC  80                 	db	128
    65  01FEFD  83                 	db	131
    66  01FEFE  86                 	db	134
    67  01FEFF  89                 	db	137
    68  01FF00  8C                 	db	140
    69  01FF01  8F                 	db	143
    70  01FF02  92                 	db	146
    71  01FF03  95                 	db	149
    72  01FF04  98                 	db	152
    73  01FF05  9B                 	db	155
    74  01FF06  9E                 	db	158
    75  01FF07  A2                 	db	162
    76  01FF08  A5                 	db	165
    77  01FF09  A7                 	db	167
    78  01FF0A  AA                 	db	170
    79  01FF0B  AD                 	db	173
    80  01FF0C  B0                 	db	176
    81  01FF0D  B3                 	db	179
    82  01FF0E  B6                 	db	182
    83  01FF0F  B9                 	db	185
    84  01FF10  BC                 	db	188
    85  01FF11  BE                 	db	190
    86  01FF12  C1                 	db	193
    87  01FF13  C4                 	db	196
    88  01FF14  C6                 	db	198
    89  01FF15  C9                 	db	201
    90  01FF16  CB                 	db	203
    91  01FF17  CE                 	db	206
    92  01FF18  D0                 	db	208
    93  01FF19  D3                 	db	211
    94  01FF1A  D5                 	db	213
    95  01FF1B  D7                 	db	215
    96  01FF1C  DA                 	db	218
    97  01FF1D  DC                 	db	220
    98  01FF1E  DE                 	db	222
    99  01FF1F  E0                 	db	224
   100  01FF20  E2                 	db	226
   101  01FF21  E4                 	db	228
   102  01FF22  E6                 	db	230
   103  01FF23  E8                 	db	232
   104  01FF24  EA                 	db	234
   105  01FF25  EB                 	db	235
   106  01FF26  ED                 	db	237
   107  01FF27  EE                 	db	238
   108  01FF28  F0                 	db	240
   109  01FF29  F1                 	db	241
   110  01FF2A  F3                 	db	243
   111  01FF2B  F4                 	db	244
   112  01FF2C  F5                 	db	245
   113  01FF2D  F6                 	db	246
   114  01FF2E  F8                 	db	248
   115  01FF2F  F9                 	db	249
   116  01FF30  FA                 	db	250
   117  01FF31  FA                 	db	250
   118  01FF32  FB                 	db	251
   119  01FF33  FC                 	db	252
   120  01FF34  FD                 	db	253
   121  01FF35  FD                 	db	253
   122  01FF36  FE                 	db	254
   123  01FF37  FE                 	db	254
   124  01FF38  FE                 	db	254
   125  01FF39  FF                 	db	255
   126  01FF3A  FF                 	db	255
   127  01FF3B  FF                 	db	255
   128  01FF3C  FF                 	db	255
   129  01FF3D  FF                 	db	255
   130  01FF3E  FF                 	db	255
   131  01FF3F  FF                 	db	255
   132  01FF40  FE                 	db	254
   133  01FF41  FE                 	db	254
   134  01FF42  FE                 	db	254
   135  01FF43  FD                 	db	253
   136  01FF44  FD                 	db	253
   137  01FF45  FC                 	db	252
   138  01FF46  FB                 	db	251
   139  01FF47  FA                 	db	250
   140  01FF48  FA                 	db	250
   141  01FF49  F9                 	db	249
   142  01FF4A  F8                 	db	248
   143  01FF4B  F6                 	db	246
   144  01FF4C  F5                 	db	245
   145  01FF4D  F4                 	db	244
   146  01FF4E  F3                 	db	243
   147  01FF4F  F1                 	db	241
   148  01FF50  F0                 	db	240
   149  01FF51  EE                 	db	238
   150  01FF52  ED                 	db	237
   151  01FF53  EB                 	db	235
   152  01FF54  EA                 	db	234
   153  01FF55  E8                 	db	232
   154  01FF56  E6                 	db	230
   155  01FF57  E4                 	db	228
   156  01FF58  E2                 	db	226
   157  01FF59  E0                 	db	224
   158  01FF5A  DE                 	db	222
   159  01FF5B  DC                 	db	220
   160  01FF5C  DA                 	db	218
   161  01FF5D  D7                 	db	215
   162  01FF5E  D5                 	db	213
   163  01FF5F  D3                 	db	211
   164  01FF60  D0                 	db	208
   165  01FF61  CE                 	db	206
   166  01FF62  CB                 	db	203
   167  01FF63  C9                 	db	201
   168  01FF64  C6                 	db	198
   169  01FF65  C4                 	db	196
   170  01FF66  C1                 	db	193
   171  01FF67  BE                 	db	190
   172  01FF68  BC                 	db	188
   173  01FF69  B9                 	db	185
   174  01FF6A  B6                 	db	182
   175  01FF6B  B3                 	db	179
   176  01FF6C  B0                 	db	176
   177  01FF6D  AD                 	db	173
   178  01FF6E  AA                 	db	170
   179  01FF6F  A7                 	db	167
   180  01FF70  A5                 	db	165
   181  01FF71  A2                 	db	162
   182  01FF72  9E                 	db	158
   183  01FF73  9B                 	db	155
   184  01FF74  98                 	db	152
   185  01FF75  95                 	db	149
   186  01FF76  92                 	db	146
   187  01FF77  8F                 	db	143
   188  01FF78  8C                 	db	140
   189  01FF79  89                 	db	137
   190  01FF7A  86                 	db	134
   191  01FF7B  83                 	db	131
   192  01FF7C  80                 	db	128
   193  01FF7D  7C                 	db	124
   194  01FF7E  79                 	db	121
   195  01FF7F  76                 	db	118
   196  01FF80  73                 	db	115
   197  01FF81  70                 	db	112
   198  01FF82  6D                 	db	109
   199  01FF83  6A                 	db	106
   200  01FF84  67                 	db	103
   201  01FF85  64                 	db	100
   202  01FF86  61                 	db	97
   203  01FF87  5D                 	db	93
   204  01FF88  5A                 	db	90
   205  01FF89  58                 	db	88
   206  01FF8A  55                 	db	85
   207  01FF8B  52                 	db	82
   208  01FF8C  4F                 	db	79
   209  01FF8D  4C                 	db	76
   210  01FF8E  49                 	db	73
   211  01FF8F  46                 	db	70
   212  01FF90  43                 	db	67
   213  01FF91  41                 	db	65
   214  01FF92  3E                 	db	62
   215  01FF93  3B                 	db	59
   216  01FF94  39                 	db	57
   217  01FF95  36                 	db	54
   218  01FF96  34                 	db	52
   219  01FF97  31                 	db	49
   220  01FF98  2F                 	db	47
   221  01FF99  2C                 	db	44
   222  01FF9A  2A                 	db	42
   223  01FF9B  28                 	db	40
   224  01FF9C  25                 	db	37
   225  01FF9D  23                 	db	35
   226  01FF9E  21                 	db	33
   227  01FF9F  1F                 	db	31
   228  01FFA0  1D                 	db	29
   229  01FFA1  1B                 	db	27
   230  01FFA2  19                 	db	25
   231  01FFA3  17                 	db	23
   232  01FFA4  15                 	db	21
   233  01FFA5  14                 	db	20
   234  01FFA6  12                 	db	18
   235  01FFA7  11                 	db	17
   236  01FFA8  0F                 	db	15
   237  01FFA9  0E                 	db	14
   238  01FFAA  0C                 	db	12
   239  01FFAB  0B                 	db	11
   240  01FFAC  0A                 	db	10
   241  01FFAD  09                 	db	9
   242  01FFAE  07                 	db	7
   243  01FFAF  06                 	db	6
   244  01FFB0  05                 	db	5
   245  01FFB1  05                 	db	5
   246  01FFB2  04                 	db	4
   247  01FFB3  03                 	db	3
   248  01FFB4  02                 	db	2
   249  01FFB5  02                 	db	2
   250  01FFB6  01                 	db	1
   251  01FFB7  01                 	db	1
   252  01FFB8  01                 	db	1
   253  01FFB9  00                 	db	0
   254  01FFBA  00                 	db	0
   255  01FFBB  00                 	db	0
   256  01FFBC  00                 	db	0
   257  01FFBD  00                 	db	0
   258  01FFBE  00                 	db	0
   259  01FFBF  00                 	db	0
   260  01FFC0  01                 	db	1
   261  01FFC1  01                 	db	1
   262  01FFC2  01                 	db	1
   263  01FFC3  02                 	db	2
   264  01FFC4  02                 	db	2
   265  01FFC5  03                 	db	3
   266  01FFC6  04                 	db	4
   267  01FFC7  05                 	db	5
   268  01FFC8  05                 	db	5
   269  01FFC9  06                 	db	6
   270  01FFCA  07                 	db	7
   271  01FFCB  09                 	db	9
   272  01FFCC  0A                 	db	10
   273  01FFCD  0B                 	db	11
   274  01FFCE  0C                 	db	12
   275  01FFCF  0E                 	db	14
   276  01FFD0  0F                 	db	15
   277  01FFD1  11                 	db	17
   278  01FFD2  12                 	db	18
   279  01FFD3  14                 	db	20
   280  01FFD4  15                 	db	21
   281  01FFD5  17                 	db	23
   282  01FFD6  19                 	db	25
   283  01FFD7  1B                 	db	27
   284  01FFD8  1D                 	db	29
   285  01FFD9  1F                 	db	31
   286  01FFDA  21                 	db	33
   287  01FFDB  23                 	db	35
   288  01FFDC  25                 	db	37
   289  01FFDD  28                 	db	40
   290  01FFDE  2A                 	db	42
   291  01FFDF  2C                 	db	44
   292  01FFE0  2F                 	db	47
   293  01FFE1  31                 	db	49
   294  01FFE2  34                 	db	52
   295  01FFE3  36                 	db	54
   296  01FFE4  39                 	db	57
   297  01FFE5  3B                 	db	59
   298  01FFE6  3E                 	db	62
   299  01FFE7  41                 	db	65
   300  01FFE8  43                 	db	67
   301  01FFE9  46                 	db	70
   302  01FFEA  49                 	db	73
   303  01FFEB  4C                 	db	76
   304  01FFEC  4F                 	db	79
   305  01FFED  52                 	db	82
   306  01FFEE  55                 	db	85
   307  01FFEF  58                 	db	88
   308  01FFF0  5A                 	db	90
   309  01FFF1  5D                 	db	93
   310  01FFF2  61                 	db	97
   311  01FFF3  64                 	db	100
   312  01FFF4  67                 	db	103
   313  01FFF5  6A                 	db	106
   314  01FFF6  6D                 	db	109
   315  01FFF7  70                 	db	112
   316  01FFF8  73                 	db	115
   317  01FFF9  76                 	db	118
   318  01FFFA  79                 	db	121
   319  01FFFB  7C                 	db	124
   320  0000                     _DAC1DATL	set	125
   321  0000                     _DAC1CON	set	127
   322  0000                     _TMR0H	set	793
   323  0000                     _TMR0L	set	792
   324  0000                     _T0CON1	set	795
   325  0000                     _T0CON0	set	794
   326  0000                     _ANSELA	set	1024
   327  0000                     _PIR3	set	1201
   328  0000                     _TRISA	set	1222
   329  0000                     _LATA	set	1214
   330                           
   331                           ; #config settings
   332                           
   333                           	psect	cinit
   334  01FE4C                     __pcinit:
   335                           	callstack 0
   336  01FE4C                     start_initialization:
   337                           	callstack 0
   338  01FE4C                     __initialization:
   339                           	callstack 0
   340                           
   341                           ; Initialize objects allocated to BANK6 (256 bytes)
   342                           ; load TBLPTR registers with __pidataBANK6
   343  01FE4C  0EFC               	movlw	low __pidataBANK6
   344  01FE4E  6EF6               	movwf	tblptrl,c
   345  01FE50  0EFE               	movlw	high __pidataBANK6
   346  01FE52  6EF7               	movwf	tblptrh,c
   347  01FE54  0E01               	movlw	low (__pidataBANK6 shr (0+16))
   348  01FE56  6EF8               	movwf	tblptru,c
   349  01FE58  EE01  F200         	lfsr	0,__pdataBANK6
   350  01FE5C  EE10 F100          	lfsr	1,256
   351  01FE60                     copy_data0:
   352  01FE60  0009               	tblrd		*+
   353  01FE62  C4F5 F4EE          	movff	tablat,postinc0
   354  01FE66  50E5               	movf	postdec1,w,c
   355  01FE68  50E1               	movf	fsr1l,w,c
   356  01FE6A  E1FA               	bnz	copy_data0
   357  01FE6C  50E2               	movf	fsr1h,w,c
   358  01FE6E  E1F8               	bnz	copy_data0
   359                           
   360                           ; Clear objects allocated to COMRAM (14 bytes)
   361  01FE70  EE01  F101         	lfsr	0,__pbssCOMRAM
   362  01FE74  0E0E               	movlw	14
   363  01FE76                     clear_0:
   364  01FE76  6AEE               	clrf	postinc0,c
   365  01FE78  06E8               	decf	wreg,f,c
   366  01FE7A  E1FD               	bnz	clear_0
   367  01FE7C                     end_of_initialization:
   368                           	callstack 0
   369  01FE7C                     __end_of__initialization:
   370                           	callstack 0
   371  01FE7C  0100               	movlb	0
   372  01FE7E  EF41  F0FF         	goto	_main	;jump to C main() function
   373                           
   374                           	psect	bssCOMRAM
   375  000501                     __pbssCOMRAM:
   376                           	callstack 0
   377  000501                     _G_u32SystemFlags:
   378                           	callstack 0
   379  000501                     	ds	4
   380  000505                     _G_u32SystemTime1s:
   381                           	callstack 0
   382  000505                     	ds	4
   383  000509                     _G_u32SystemTime1ms:
   384                           	callstack 0
   385  000509                     	ds	4
   386  00050D                     UserAppRun@u8Counter:
   387                           	callstack 0
   388  00050D                     	ds	1
   389  00050E                     _G_u8UserAppFlags:
   390                           	callstack 0
   391  00050E                     	ds	1
   392                           
   393                           	psect	dataBANK6
   394  000600                     __pdataBANK6:
   395                           	callstack 0
   396  000600                     UserAppRun@UserApp_au8sinTable:
   397                           	callstack 0
   398  000600                     	ds	256
   399                           
   400                           	psect	cstackCOMRAM
   401  00050F                     __pcstackCOMRAM:
   402                           	callstack 0
   403  00050F                     TimeXus@u16Microseconds:
   404                           	callstack 0
   405                           
   406                           ; 2 bytes @ 0x0
   407  00050F                     	ds	2
   408  000511                     TimeXus@u8LowInput:
   409                           	callstack 0
   410                           
   411                           ; 1 bytes @ 0x2
   412  000511                     	ds	1
   413  000512                     TimeXus@u8HighInput:
   414                           	callstack 0
   415                           
   416                           ; 1 bytes @ 0x3
   417  000512                     	ds	1
   418  000513                     TimeXus@u16OverFlow:
   419                           	callstack 0
   420                           
   421                           ; 2 bytes @ 0x4
   422  000513                     	ds	2
   423  000515                     
   424                           ; 1 bytes @ 0x6
   425 ;;
   426 ;;Main: autosize = 0, tempsize = 0, incstack = 0, save=0
   427 ;;
   428 ;; *************** function _main *****************
   429 ;; Defined at:
   430 ;;		line 37 in file "main.c"
   431 ;; Parameters:    Size  Location     Type
   432 ;;		None
   433 ;; Auto vars:     Size  Location     Type
   434 ;;		None
   435 ;; Return value:  Size  Location     Type
   436 ;;                  1    wreg      void 
   437 ;; Registers used:
   438 ;;		wreg, fsr2l, fsr2h, status,2, status,0, cstack
   439 ;; Tracked objects:
   440 ;;		On entry : 0/0
   441 ;;		On exit  : 0/0
   442 ;;		Unchanged: 0/0
   443 ;; Data sizes:     COMRAM   BANK5   BANK6   BANK7   BANK8   BANK9  BANK10  BANK11  BANK12  BANK13  BANK14  BANK15  BANK1
      +6  BANK17  BANK18  BANK19  BANK20  BANK21  BANK22  BANK23  BANK24  BANK25  BANK26  BANK27  BANK28  BANK29  BANK30  BANK3
      +1  BANK32  BANK33  BANK34  BANK35  BANK36  BANK37
   444 ;;      Params:         0       0       0       0       0       0       0       0       0       0       0       0       
      +0       0       0       0       0       0       0       0       0       0       0       0       0       0       0       
      +0       0       0       0       0       0       0
   445 ;;      Locals:         0       0       0       0       0       0       0       0       0       0       0       0       
      +0       0       0       0       0       0       0       0       0       0       0       0       0       0       0       
      +0       0       0       0       0       0       0
   446 ;;      Temps:          0       0       0       0       0       0       0       0       0       0       0       0       
      +0       0       0       0       0       0       0       0       0       0       0       0       0       0       0       
      +0       0       0       0       0       0       0
   447 ;;      Totals:         0       0       0       0       0       0       0       0       0       0       0       0       
      +0       0       0       0       0       0       0       0       0       0       0       0       0       0       0       
      +0       0       0       0       0       0       0
   448 ;;Total ram usage:        0 bytes
   449 ;; Hardware stack levels required when called:    1
   450 ;; This function calls:
   451 ;;		_ClockSetup
   452 ;;		_GpioSetup
   453 ;;		_SysTickSetup
   454 ;;		_SystemSleep
   455 ;;		_TimeXus
   456 ;;		_UserAppInitialize
   457 ;;		_UserAppRun
   458 ;; This function is called by:
   459 ;;		Startup code after reset
   460 ;; This function uses a non-reentrant model
   461 ;;
   462                           
   463                           	psect	text0
   464  01FE82                     __ptext0:
   465                           	callstack 0
   466  01FE82                     _main:
   467                           	callstack 127
   468  01FE82                     
   469                           ;main.c: 39:   G_u32SystemFlags |= (u32)0x80000000;
   470  01FE82  8E04               	bsf	(_G_u32SystemFlags+3)^(0+1280),7,c	;volatile
   471  01FE84                     
   472                           ;main.c: 42:   ClockSetup();
   473  01FE84  ECEB  F0FE         	call	_ClockSetup	;wreg free
   474  01FE88                     
   475                           ;main.c: 43:   SysTickSetup();
   476  01FE88  ECFE  F0FE         	call	_SysTickSetup	;wreg free
   477  01FE8C                     
   478                           ;main.c: 44:   GpioSetup();
   479  01FE8C  ECF3  F0FE         	call	_GpioSetup	;wreg free
   480  01FE90                     
   481                           ;main.c: 49:   UserAppInitialize();
   482  01FE90  ECED  F0FE         	call	_UserAppInitialize	;wreg free
   483  01FE94                     l837:
   484                           
   485                           ;main.c: 55:   {;main.c: 61:     UserAppRun();
   486  01FE94  EC5F  F0FF         	call	_UserAppRun	;wreg free
   487  01FE98                     
   488                           ;main.c: 65:     SystemSleep();
   489  01FE98  ECEC  F0FE         	call	_SystemSleep	;wreg free
   490  01FE9C                     
   491                           ;main.c: 66:     TimeXus(10);
   492  01FE9C  0E00               	movlw	0
   493  01FE9E  6E10               	movwf	(TimeXus@u16Microseconds+1)^(0+1280),c
   494  01FEA0  0E0A               	movlw	10
   495  01FEA2  6E0F               	movwf	TimeXus@u16Microseconds^(0+1280),c
   496  01FEA4  EC0F  F0FF         	call	_TimeXus	;wreg free
   497  01FEA8                     l52:
   498  01FEA8  AEB1               	btfss	177,7,c	;volatile
   499  01FEAA  EF59  F0FF         	goto	u31
   500  01FEAE  EF5B  F0FF         	goto	u30
   501  01FEB2                     u31:
   502  01FEB2  EF54  F0FF         	goto	l52
   503  01FEB6                     u30:
   504  01FEB6  EF4A  F0FF         	goto	l837
   505  01FEBA  EFFE  F0FF         	goto	start
   506  01FEBE                     __end_of_main:
   507                           	callstack 0
   508                           
   509 ;; *************** function _UserAppRun *****************
   510 ;; Defined at:
   511 ;;		line 98 in file "user_app.c"
   512 ;; Parameters:    Size  Location     Type
   513 ;;		None
   514 ;; Auto vars:     Size  Location     Type
   515 ;;		None
   516 ;; Return value:  Size  Location     Type
   517 ;;                  1    wreg      void 
   518 ;; Registers used:
   519 ;;		wreg, fsr2l, fsr2h, status,2, status,0
   520 ;; Tracked objects:
   521 ;;		On entry : 0/0
   522 ;;		On exit  : 0/0
   523 ;;		Unchanged: 0/0
   524 ;; Data sizes:     COMRAM   BANK5   BANK6   BANK7   BANK8   BANK9  BANK10  BANK11  BANK12  BANK13  BANK14  BANK15  BANK1
      +6  BANK17  BANK18  BANK19  BANK20  BANK21  BANK22  BANK23  BANK24  BANK25  BANK26  BANK27  BANK28  BANK29  BANK30  BANK3
      +1  BANK32  BANK33  BANK34  BANK35  BANK36  BANK37
   525 ;;      Params:         0       0       0       0       0       0       0       0       0       0       0       0       
      +0       0       0       0       0       0       0       0       0       0       0       0       0       0       0       
      +0       0       0       0       0       0       0
   526 ;;      Locals:         0       0       0       0       0       0       0       0       0       0       0       0       
      +0       0       0       0       0       0       0       0       0       0       0       0       0       0       0       
      +0       0       0       0       0       0       0
   527 ;;      Temps:          0       0       0       0       0       0       0       0       0       0       0       0       
      +0       0       0       0       0       0       0       0       0       0       0       0       0       0       0       
      +0       0       0       0       0       0       0
   528 ;;      Totals:         0       0       0       0       0       0       0       0       0       0       0       0       
      +0       0       0       0       0       0       0       0       0       0       0       0       0       0       0       
      +0       0       0       0       0       0       0
   529 ;;Total ram usage:        0 bytes
   530 ;; Hardware stack levels used:    1
   531 ;; This function calls:
   532 ;;		Nothing
   533 ;; This function is called by:
   534 ;;		_main
   535 ;; This function uses a non-reentrant model
   536 ;;
   537                           
   538                           	psect	text1
   539  01FEBE                     __ptext1:
   540                           	callstack 0
   541  01FEBE                     _UserAppRun:
   542                           	callstack 127
   543  01FEBE                     
   544                           ;user_app.c: 100:     static u8 u8Counter = 0;;user_app.c: 101:     static u8 UserApp_au
      +                          8sinTable[] =;user_app.c: 121:     if(u8Counter == 0xff)
   545  01FEBE  280D               	incf	UserAppRun@u8Counter^(0+1280),w,c
   546  01FEC0  A4D8               	btfss	status,2,c
   547  01FEC2  EF65  F0FF         	goto	u11
   548  01FEC6  EF67  F0FF         	goto	u10
   549  01FECA                     u11:
   550  01FECA  EF72  F0FF         	goto	l773
   551  01FECE                     u10:
   552  01FECE                     
   553                           ;user_app.c: 122:     {;user_app.c: 123:         DAC1DATL = UserApp_au8sinTable[u8Counte
      +                          r];
   554  01FECE  0E00               	movlw	low UserAppRun@UserApp_au8sinTable
   555  01FED0  240D               	addwf	UserAppRun@u8Counter^(0+1280),w,c
   556  01FED2  6ED9               	movwf	fsr2l,c
   557  01FED4  6ADA               	clrf	fsr2h,c
   558  01FED6  0E06               	movlw	high UserAppRun@UserApp_au8sinTable
   559  01FED8  22DA               	addwfc	fsr2h,f,c
   560  01FEDA  50DF               	movf	indf2,w,c
   561  01FEDC  0100               	movlb	0	; () banked
   562  01FEDE  6F7D               	movwf	125,b	;volatile
   563  01FEE0                     
   564                           ; BSR set to: 0
   565                           ;user_app.c: 124:         u8Counter = 0;
   566  01FEE0  0E00               	movlw	0
   567  01FEE2  6E0D               	movwf	UserAppRun@u8Counter^(0+1280),c
   568  01FEE4                     l773:
   569                           
   570                           ;user_app.c: 126:     DAC1DATL = UserApp_au8sinTable[u8Counter];
   571  01FEE4  0E00               	movlw	low UserAppRun@UserApp_au8sinTable
   572  01FEE6  240D               	addwf	UserAppRun@u8Counter^(0+1280),w,c
   573  01FEE8  6ED9               	movwf	fsr2l,c
   574  01FEEA  6ADA               	clrf	fsr2h,c
   575  01FEEC  0E06               	movlw	high UserAppRun@UserApp_au8sinTable
   576  01FEEE  22DA               	addwfc	fsr2h,f,c
   577  01FEF0  50DF               	movf	indf2,w,c
   578  01FEF2  0100               	movlb	0	; () banked
   579  01FEF4  6F7D               	movwf	125,b	;volatile
   580  01FEF6                     
   581                           ; BSR set to: 0
   582                           ;user_app.c: 127:     u8Counter+=4;
   583  01FEF6  0E04               	movlw	4
   584  01FEF8  260D               	addwf	UserAppRun@u8Counter^(0+1280),f,c
   585  01FEFA                     
   586                           ; BSR set to: 0
   587  01FEFA  0012               	return		;funcret
   588  01FEFC                     __end_of_UserAppRun:
   589                           	callstack 0
   590                           
   591 ;; *************** function _UserAppInitialize *****************
   592 ;; Defined at:
   593 ;;		line 77 in file "user_app.c"
   594 ;; Parameters:    Size  Location     Type
   595 ;;		None
   596 ;; Auto vars:     Size  Location     Type
   597 ;;		None
   598 ;; Return value:  Size  Location     Type
   599 ;;                  1    wreg      void 
   600 ;; Registers used:
   601 ;;		wreg, status,2
   602 ;; Tracked objects:
   603 ;;		On entry : 0/0
   604 ;;		On exit  : 0/0
   605 ;;		Unchanged: 0/0
   606 ;; Data sizes:     COMRAM   BANK5   BANK6   BANK7   BANK8   BANK9  BANK10  BANK11  BANK12  BANK13  BANK14  BANK15  BANK1
      +6  BANK17  BANK18  BANK19  BANK20  BANK21  BANK22  BANK23  BANK24  BANK25  BANK26  BANK27  BANK28  BANK29  BANK30  BANK3
      +1  BANK32  BANK33  BANK34  BANK35  BANK36  BANK37
   607 ;;      Params:         0       0       0       0       0       0       0       0       0       0       0       0       
      +0       0       0       0       0       0       0       0       0       0       0       0       0       0       0       
      +0       0       0       0       0       0       0
   608 ;;      Locals:         0       0       0       0       0       0       0       0       0       0       0       0       
      +0       0       0       0       0       0       0       0       0       0       0       0       0       0       0       
      +0       0       0       0       0       0       0
   609 ;;      Temps:          0       0       0       0       0       0       0       0       0       0       0       0       
      +0       0       0       0       0       0       0       0       0       0       0       0       0       0       0       
      +0       0       0       0       0       0       0
   610 ;;      Totals:         0       0       0       0       0       0       0       0       0       0       0       0       
      +0       0       0       0       0       0       0       0       0       0       0       0       0       0       0       
      +0       0       0       0       0       0       0
   611 ;;Total ram usage:        0 bytes
   612 ;; Hardware stack levels used:    1
   613 ;; This function calls:
   614 ;;		Nothing
   615 ;; This function is called by:
   616 ;;		_main
   617 ;; This function uses a non-reentrant model
   618 ;;
   619                           
   620                           	psect	text2
   621  01FDDA                     __ptext2:
   622                           	callstack 0
   623  01FDDA                     _UserAppInitialize:
   624                           	callstack 127
   625  01FDDA                     
   626                           ;user_app.c: 80:     T0CON0 = 0x90;
   627  01FDDA  0E90               	movlw	144
   628  01FDDC  0103               	movlb	3	; () banked
   629  01FDDE  6F1A               	movwf	26,b	;volatile
   630                           
   631                           ;user_app.c: 81:     T0CON1 = 0x54;
   632  01FDE0  0E54               	movlw	84
   633  01FDE2  6F1B               	movwf	27,b	;volatile
   634  01FDE4                     
   635                           ; BSR set to: 3
   636  01FDE4  0012               	return		;funcret
   637  01FDE6                     __end_of_UserAppInitialize:
   638                           	callstack 0
   639                           
   640 ;; *************** function _TimeXus *****************
   641 ;; Defined at:
   642 ;;		line 136 in file "user_app.c"
   643 ;; Parameters:    Size  Location     Type
   644 ;;  u16Microseco    2    0[COMRAM] unsigned short 
   645 ;; Auto vars:     Size  Location     Type
   646 ;;  u16OverFlow     2    4[COMRAM] unsigned short 
   647 ;;  u8HighInput     1    3[COMRAM] unsigned char 
   648 ;;  u8LowInput      1    2[COMRAM] unsigned char 
   649 ;; Return value:  Size  Location     Type
   650 ;;                  1    wreg      void 
   651 ;; Registers used:
   652 ;;		wreg, status,2, status,0
   653 ;; Tracked objects:
   654 ;;		On entry : 0/0
   655 ;;		On exit  : 0/0
   656 ;;		Unchanged: 0/0
   657 ;; Data sizes:     COMRAM   BANK5   BANK6   BANK7   BANK8   BANK9  BANK10  BANK11  BANK12  BANK13  BANK14  BANK15  BANK1
      +6  BANK17  BANK18  BANK19  BANK20  BANK21  BANK22  BANK23  BANK24  BANK25  BANK26  BANK27  BANK28  BANK29  BANK30  BANK3
      +1  BANK32  BANK33  BANK34  BANK35  BANK36  BANK37
   658 ;;      Params:         2       0       0       0       0       0       0       0       0       0       0       0       
      +0       0       0       0       0       0       0       0       0       0       0       0       0       0       0       
      +0       0       0       0       0       0       0
   659 ;;      Locals:         4       0       0       0       0       0       0       0       0       0       0       0       
      +0       0       0       0       0       0       0       0       0       0       0       0       0       0       0       
      +0       0       0       0       0       0       0
   660 ;;      Temps:          0       0       0       0       0       0       0       0       0       0       0       0       
      +0       0       0       0       0       0       0       0       0       0       0       0       0       0       0       
      +0       0       0       0       0       0       0
   661 ;;      Totals:         6       0       0       0       0       0       0       0       0       0       0       0       
      +0       0       0       0       0       0       0       0       0       0       0       0       0       0       0       
      +0       0       0       0       0       0       0
   662 ;;Total ram usage:        6 bytes
   663 ;; Hardware stack levels used:    1
   664 ;; This function calls:
   665 ;;		Nothing
   666 ;; This function is called by:
   667 ;;		_main
   668 ;; This function uses a non-reentrant model
   669 ;;
   670                           
   671                           	psect	text3
   672  01FE1E                     __ptext3:
   673                           	callstack 0
   674  01FE1E                     _TimeXus:
   675                           	callstack 127
   676  01FE1E                     
   677                           ;user_app.c: 137:     T0CON0 &= 0x7F;
   678  01FE1E  0103               	movlb	3	; () banked
   679  01FE20  9F1A               	bcf	26,7,b	;volatile
   680  01FE22                     
   681                           ; BSR set to: 3
   682                           ;user_app.c: 139:     u16 u16OverFlow = 0xFFFF - u16Microseconds;
   683  01FE22  1C0F               	comf	TimeXus@u16Microseconds^(0+1280),w,c
   684  01FE24  6E13               	movwf	TimeXus@u16OverFlow^(0+1280),c
   685  01FE26  1C10               	comf	(TimeXus@u16Microseconds+1)^(0+1280),w,c
   686  01FE28  6E14               	movwf	(TimeXus@u16OverFlow+1)^(0+1280),c
   687  01FE2A                     
   688                           ; BSR set to: 3
   689                           ;user_app.c: 141:     u8 u8LowInput = u16OverFlow & 0xFF;
   690  01FE2A  C513  F511         	movff	TimeXus@u16OverFlow,TimeXus@u8LowInput
   691  01FE2E                     
   692                           ; BSR set to: 3
   693                           ;user_app.c: 142:     u8 u8HighInput = (u16OverFlow>>8)& 0xFF;
   694  01FE2E  5014               	movf	(TimeXus@u16OverFlow+1)^(0+1280),w,c
   695  01FE30  6E12               	movwf	TimeXus@u8HighInput^(0+1280),c
   696  01FE32                     
   697                           ; BSR set to: 3
   698                           ;user_app.c: 144:     TMR0L = u8LowInput;
   699  01FE32  0061  F444  F318   	movff	TimeXus@u8LowInput,792	;volatile
   700  01FE38                     
   701                           ; BSR set to: 3
   702                           ;user_app.c: 145:     TMR0H = u8HighInput;
   703  01FE38  0061  F448  F319   	movff	TimeXus@u8HighInput,793	;volatile
   704  01FE3E                     
   705                           ; BSR set to: 3
   706                           ;user_app.c: 147:     PIR3 = PIR3&0x7F;
   707  01FE3E  50B1               	movf	177,w,c	;volatile
   708  01FE40  0B7F               	andlw	127
   709  01FE42  6EB1               	movwf	177,c	;volatile
   710  01FE44                     
   711                           ; BSR set to: 3
   712                           ;user_app.c: 149:     T0CON0 = T0CON0 | 0X80;
   713  01FE44  511A               	movf	26,w,b	;volatile
   714  01FE46  0980               	iorlw	128
   715  01FE48  6F1A               	movwf	26,b	;volatile
   716  01FE4A                     
   717                           ; BSR set to: 3
   718  01FE4A  0012               	return		;funcret
   719  01FE4C                     __end_of_TimeXus:
   720                           	callstack 0
   721                           
   722 ;; *************** function _SystemSleep *****************
   723 ;; Defined at:
   724 ;;		line 133 in file "encm369_pic18.c"
   725 ;; Parameters:    Size  Location     Type
   726 ;;		None
   727 ;; Auto vars:     Size  Location     Type
   728 ;;		None
   729 ;; Return value:  Size  Location     Type
   730 ;;                  1    wreg      void 
   731 ;; Registers used:
   732 ;;		None
   733 ;; Tracked objects:
   734 ;;		On entry : 0/0
   735 ;;		On exit  : 0/0
   736 ;;		Unchanged: 0/0
   737 ;; Data sizes:     COMRAM   BANK5   BANK6   BANK7   BANK8   BANK9  BANK10  BANK11  BANK12  BANK13  BANK14  BANK15  BANK1
      +6  BANK17  BANK18  BANK19  BANK20  BANK21  BANK22  BANK23  BANK24  BANK25  BANK26  BANK27  BANK28  BANK29  BANK30  BANK3
      +1  BANK32  BANK33  BANK34  BANK35  BANK36  BANK37
   738 ;;      Params:         0       0       0       0       0       0       0       0       0       0       0       0       
      +0       0       0       0       0       0       0       0       0       0       0       0       0       0       0       
      +0       0       0       0       0       0       0
   739 ;;      Locals:         0       0       0       0       0       0       0       0       0       0       0       0       
      +0       0       0       0       0       0       0       0       0       0       0       0       0       0       0       
      +0       0       0       0       0       0       0
   740 ;;      Temps:          0       0       0       0       0       0       0       0       0       0       0       0       
      +0       0       0       0       0       0       0       0       0       0       0       0       0       0       0       
      +0       0       0       0       0       0       0
   741 ;;      Totals:         0       0       0       0       0       0       0       0       0       0       0       0       
      +0       0       0       0       0       0       0       0       0       0       0       0       0       0       0       
      +0       0       0       0       0       0       0
   742 ;;Total ram usage:        0 bytes
   743 ;; Hardware stack levels used:    1
   744 ;; This function calls:
   745 ;;		Nothing
   746 ;; This function is called by:
   747 ;;		_main
   748 ;; This function uses a non-reentrant model
   749 ;;
   750                           
   751                           	psect	text4
   752  01FDD8                     __ptext4:
   753                           	callstack 0
   754  01FDD8                     _SystemSleep:
   755                           	callstack 127
   756  01FDD8  0012               	return		;funcret
   757  01FDDA                     __end_of_SystemSleep:
   758                           	callstack 0
   759                           
   760 ;; *************** function _SysTickSetup *****************
   761 ;; Defined at:
   762 ;;		line 111 in file "encm369_pic18.c"
   763 ;; Parameters:    Size  Location     Type
   764 ;;		None
   765 ;; Auto vars:     Size  Location     Type
   766 ;;		None
   767 ;; Return value:  Size  Location     Type
   768 ;;                  1    wreg      void 
   769 ;; Registers used:
   770 ;;		wreg, status,2
   771 ;; Tracked objects:
   772 ;;		On entry : 0/0
   773 ;;		On exit  : 0/0
   774 ;;		Unchanged: 0/0
   775 ;; Data sizes:     COMRAM   BANK5   BANK6   BANK7   BANK8   BANK9  BANK10  BANK11  BANK12  BANK13  BANK14  BANK15  BANK1
      +6  BANK17  BANK18  BANK19  BANK20  BANK21  BANK22  BANK23  BANK24  BANK25  BANK26  BANK27  BANK28  BANK29  BANK30  BANK3
      +1  BANK32  BANK33  BANK34  BANK35  BANK36  BANK37
   776 ;;      Params:         0       0       0       0       0       0       0       0       0       0       0       0       
      +0       0       0       0       0       0       0       0       0       0       0       0       0       0       0       
      +0       0       0       0       0       0       0
   777 ;;      Locals:         0       0       0       0       0       0       0       0       0       0       0       0       
      +0       0       0       0       0       0       0       0       0       0       0       0       0       0       0       
      +0       0       0       0       0       0       0
   778 ;;      Temps:          0       0       0       0       0       0       0       0       0       0       0       0       
      +0       0       0       0       0       0       0       0       0       0       0       0       0       0       0       
      +0       0       0       0       0       0       0
   779 ;;      Totals:         0       0       0       0       0       0       0       0       0       0       0       0       
      +0       0       0       0       0       0       0       0       0       0       0       0       0       0       0       
      +0       0       0       0       0       0       0
   780 ;;Total ram usage:        0 bytes
   781 ;; Hardware stack levels used:    1
   782 ;; This function calls:
   783 ;;		Nothing
   784 ;; This function is called by:
   785 ;;		_main
   786 ;; This function uses a non-reentrant model
   787 ;;
   788                           
   789                           	psect	text5
   790  01FDFC                     __ptext5:
   791                           	callstack 0
   792  01FDFC                     _SysTickSetup:
   793                           	callstack 127
   794  01FDFC                     
   795                           ;encm369_pic18.c: 113:   G_u32SystemTime1ms = 0;
   796  01FDFC  0E00               	movlw	0
   797  01FDFE  6E09               	movwf	_G_u32SystemTime1ms^(0+1280),c	;volatile
   798  01FE00  0E00               	movlw	0
   799  01FE02  6E0A               	movwf	(_G_u32SystemTime1ms+1)^(0+1280),c	;volatile
   800  01FE04  0E00               	movlw	0
   801  01FE06  6E0B               	movwf	(_G_u32SystemTime1ms+2)^(0+1280),c	;volatile
   802  01FE08  0E00               	movlw	0
   803  01FE0A  6E0C               	movwf	(_G_u32SystemTime1ms+3)^(0+1280),c	;volatile
   804                           
   805                           ;encm369_pic18.c: 114:   G_u32SystemTime1s = 0;
   806  01FE0C  0E00               	movlw	0
   807  01FE0E  6E05               	movwf	_G_u32SystemTime1s^(0+1280),c	;volatile
   808  01FE10  0E00               	movlw	0
   809  01FE12  6E06               	movwf	(_G_u32SystemTime1s+1)^(0+1280),c	;volatile
   810  01FE14  0E00               	movlw	0
   811  01FE16  6E07               	movwf	(_G_u32SystemTime1s+2)^(0+1280),c	;volatile
   812  01FE18  0E00               	movlw	0
   813  01FE1A  6E08               	movwf	(_G_u32SystemTime1s+3)^(0+1280),c	;volatile
   814  01FE1C  0012               	return		;funcret
   815  01FE1E                     __end_of_SysTickSetup:
   816                           	callstack 0
   817                           
   818 ;; *************** function _GpioSetup *****************
   819 ;; Defined at:
   820 ;;		line 89 in file "encm369_pic18.c"
   821 ;; Parameters:    Size  Location     Type
   822 ;;		None
   823 ;; Auto vars:     Size  Location     Type
   824 ;;		None
   825 ;; Return value:  Size  Location     Type
   826 ;;                  1    wreg      void 
   827 ;; Registers used:
   828 ;;		wreg, status,2
   829 ;; Tracked objects:
   830 ;;		On entry : 0/0
   831 ;;		On exit  : 0/0
   832 ;;		Unchanged: 0/0
   833 ;; Data sizes:     COMRAM   BANK5   BANK6   BANK7   BANK8   BANK9  BANK10  BANK11  BANK12  BANK13  BANK14  BANK15  BANK1
      +6  BANK17  BANK18  BANK19  BANK20  BANK21  BANK22  BANK23  BANK24  BANK25  BANK26  BANK27  BANK28  BANK29  BANK30  BANK3
      +1  BANK32  BANK33  BANK34  BANK35  BANK36  BANK37
   834 ;;      Params:         0       0       0       0       0       0       0       0       0       0       0       0       
      +0       0       0       0       0       0       0       0       0       0       0       0       0       0       0       
      +0       0       0       0       0       0       0
   835 ;;      Locals:         0       0       0       0       0       0       0       0       0       0       0       0       
      +0       0       0       0       0       0       0       0       0       0       0       0       0       0       0       
      +0       0       0       0       0       0       0
   836 ;;      Temps:          0       0       0       0       0       0       0       0       0       0       0       0       
      +0       0       0       0       0       0       0       0       0       0       0       0       0       0       0       
      +0       0       0       0       0       0       0
   837 ;;      Totals:         0       0       0       0       0       0       0       0       0       0       0       0       
      +0       0       0       0       0       0       0       0       0       0       0       0       0       0       0       
      +0       0       0       0       0       0       0
   838 ;;Total ram usage:        0 bytes
   839 ;; Hardware stack levels used:    1
   840 ;; This function calls:
   841 ;;		Nothing
   842 ;; This function is called by:
   843 ;;		_main
   844 ;; This function uses a non-reentrant model
   845 ;;
   846                           
   847                           	psect	text6
   848  01FDE6                     __ptext6:
   849                           	callstack 0
   850  01FDE6                     _GpioSetup:
   851                           	callstack 127
   852  01FDE6                     
   853                           ;encm369_pic18.c: 91: LATA = 0x00;
   854  01FDE6  0E00               	movlw	0
   855  01FDE8  6EBE               	movwf	190,c	;volatile
   856                           
   857                           ;encm369_pic18.c: 92: ANSELA = 0x00;
   858  01FDEA  0E00               	movlw	0
   859  01FDEC  0104               	movlb	4	; () banked
   860  01FDEE  6F00               	movwf	0,b	;volatile
   861                           
   862                           ;encm369_pic18.c: 93: TRISA = 0x00;
   863  01FDF0  0E00               	movlw	0
   864  01FDF2  6EC6               	movwf	198,c	;volatile
   865                           
   866                           ;encm369_pic18.c: 95: DAC1CON = 0xA0;
   867  01FDF4  0EA0               	movlw	160
   868  01FDF6  0100               	movlb	0	; () banked
   869  01FDF8  6F7F               	movwf	127,b	;volatile
   870  01FDFA                     
   871                           ; BSR set to: 0
   872  01FDFA  0012               	return		;funcret
   873  01FDFC                     __end_of_GpioSetup:
   874                           	callstack 0
   875                           
   876 ;; *************** function _ClockSetup *****************
   877 ;; Defined at:
   878 ;;		line 70 in file "encm369_pic18.c"
   879 ;; Parameters:    Size  Location     Type
   880 ;;		None
   881 ;; Auto vars:     Size  Location     Type
   882 ;;		None
   883 ;; Return value:  Size  Location     Type
   884 ;;                  1    wreg      void 
   885 ;; Registers used:
   886 ;;		None
   887 ;; Tracked objects:
   888 ;;		On entry : 0/0
   889 ;;		On exit  : 0/0
   890 ;;		Unchanged: 0/0
   891 ;; Data sizes:     COMRAM   BANK5   BANK6   BANK7   BANK8   BANK9  BANK10  BANK11  BANK12  BANK13  BANK14  BANK15  BANK1
      +6  BANK17  BANK18  BANK19  BANK20  BANK21  BANK22  BANK23  BANK24  BANK25  BANK26  BANK27  BANK28  BANK29  BANK30  BANK3
      +1  BANK32  BANK33  BANK34  BANK35  BANK36  BANK37
   892 ;;      Params:         0       0       0       0       0       0       0       0       0       0       0       0       
      +0       0       0       0       0       0       0       0       0       0       0       0       0       0       0       
      +0       0       0       0       0       0       0
   893 ;;      Locals:         0       0       0       0       0       0       0       0       0       0       0       0       
      +0       0       0       0       0       0       0       0       0       0       0       0       0       0       0       
      +0       0       0       0       0       0       0
   894 ;;      Temps:          0       0       0       0       0       0       0       0       0       0       0       0       
      +0       0       0       0       0       0       0       0       0       0       0       0       0       0       0       
      +0       0       0       0       0       0       0
   895 ;;      Totals:         0       0       0       0       0       0       0       0       0       0       0       0       
      +0       0       0       0       0       0       0       0       0       0       0       0       0       0       0       
      +0       0       0       0       0       0       0
   896 ;;Total ram usage:        0 bytes
   897 ;; Hardware stack levels used:    1
   898 ;; This function calls:
   899 ;;		Nothing
   900 ;; This function is called by:
   901 ;;		_main
   902 ;; This function uses a non-reentrant model
   903 ;;
   904                           
   905                           	psect	text7
   906  01FDD6                     __ptext7:
   907                           	callstack 0
   908  01FDD6                     _ClockSetup:
   909                           	callstack 127
   910  01FDD6  0012               	return		;funcret
   911  01FDD8                     __end_of_ClockSetup:
   912                           	callstack 0
   913  0000                     
   914                           	psect	rparam
   915  0000                     
   916                           	psect	idloc
   917                           
   918                           ;Config register IDLOC0 @ 0x200000
   919                           ;	unspecified, using default values
   920  200000                     	org	2097152
   921  200000  0FFF               	dw	4095
   922                           
   923                           ;Config register IDLOC1 @ 0x200002
   924                           ;	unspecified, using default values
   925  200002                     	org	2097154
   926  200002  0FFF               	dw	4095
   927                           
   928                           ;Config register IDLOC2 @ 0x200004
   929                           ;	unspecified, using default values
   930  200004                     	org	2097156
   931  200004  0FFF               	dw	4095
   932                           
   933                           ;Config register IDLOC3 @ 0x200006
   934                           ;	unspecified, using default values
   935  200006                     	org	2097158
   936  200006  0FFF               	dw	4095
   937                           
   938                           ;Config register IDLOC4 @ 0x200008
   939                           ;	unspecified, using default values
   940  200008                     	org	2097160
   941  200008  0FFF               	dw	4095
   942                           
   943                           ;Config register IDLOC5 @ 0x20000A
   944                           ;	unspecified, using default values
   945  20000A                     	org	2097162
   946  20000A  0FFF               	dw	4095
   947                           
   948                           ;Config register IDLOC6 @ 0x20000C
   949                           ;	unspecified, using default values
   950  20000C                     	org	2097164
   951  20000C  0FFF               	dw	4095
   952                           
   953                           ;Config register IDLOC7 @ 0x20000E
   954                           ;	unspecified, using default values
   955  20000E                     	org	2097166
   956  20000E  0FFF               	dw	4095
   957                           
   958                           ;Config register IDLOC8 @ 0x200010
   959                           ;	unspecified, using default values
   960  200010                     	org	2097168
   961  200010  0FFF               	dw	4095
   962                           
   963                           ;Config register IDLOC9 @ 0x200012
   964                           ;	unspecified, using default values
   965  200012                     	org	2097170
   966  200012  0FFF               	dw	4095
   967                           
   968                           ;Config register IDLOC10 @ 0x200014
   969                           ;	unspecified, using default values
   970  200014                     	org	2097172
   971  200014  0FFF               	dw	4095
   972                           
   973                           ;Config register IDLOC11 @ 0x200016
   974                           ;	unspecified, using default values
   975  200016                     	org	2097174
   976  200016  0FFF               	dw	4095
   977                           
   978                           ;Config register IDLOC12 @ 0x200018
   979                           ;	unspecified, using default values
   980  200018                     	org	2097176
   981  200018  0FFF               	dw	4095
   982                           
   983                           ;Config register IDLOC13 @ 0x20001A
   984                           ;	unspecified, using default values
   985  20001A                     	org	2097178
   986  20001A  0FFF               	dw	4095
   987                           
   988                           ;Config register IDLOC14 @ 0x20001C
   989                           ;	unspecified, using default values
   990  20001C                     	org	2097180
   991  20001C  0FFF               	dw	4095
   992                           
   993                           ;Config register IDLOC15 @ 0x20001E
   994                           ;	unspecified, using default values
   995  20001E                     	org	2097182
   996  20001E  0FFF               	dw	4095
   997                           
   998                           	psect	config
   999                           
  1000                           ;Config register CONFIG1 @ 0x300000
  1001                           ;	External Oscillator Selection
  1002                           ;	FEXTOSC = OFF, Oscillator not enabled
  1003                           ;	Reset Oscillator Selection
  1004                           ;	RSTOSC = HFINTOSC_64MHZ, HFINTOSC with HFFRQ = 64 MHz and CDIV = 1:1
  1005  300000                     	org	3145728
  1006  300000  8C                 	db	140
  1007                           
  1008                           ;Config register CONFIG2 @ 0x300001
  1009                           ;	Clock out Enable bit
  1010                           ;	CLKOUTEN = ON, CLKOUT function is enabled
  1011                           ;	PRLOCKED One-Way Set Enable bit
  1012                           ;	PR1WAY = ON, PRLOCKED bit can be cleared and set only once
  1013                           ;	Clock Switch Enable bit
  1014                           ;	CSWEN = ON, Writing to NOSC and NDIV is allowed
  1015                           ;	Fail-Safe Clock Monitor Enable bit
  1016                           ;	FCMEN = ON, Fail-Safe Clock Monitor enabled
  1017  300001                     	org	3145729
  1018  300001  FE                 	db	254
  1019                           
  1020                           ;Config register CONFIG3 @ 0x300002
  1021                           ;	MCLR Enable bit
  1022                           ;	MCLRE = EXTMCLR, If LVP = 0, MCLR pin is MCLR; If LVP = 1, RE3 pin function is MCLR
  1023                           ;	Power-up timer selection bits
  1024                           ;	PWRTS = PWRT_OFF, PWRT is disabled
  1025                           ;	Multi-vector enable bit
  1026                           ;	MVECEN = ON, Multi-vector enabled, Vector table used for interrupts
  1027                           ;	IVTLOCK bit One-way set enable bit
  1028                           ;	IVT1WAY = ON, IVTLOCKED bit can be cleared and set only once
  1029                           ;	Low Power BOR Enable bit
  1030                           ;	LPBOREN = OFF, Low-Power BOR disabled
  1031                           ;	Brown-out Reset Enable bits
  1032                           ;	BOREN = SBORDIS, Brown-out Reset enabled , SBOREN bit is ignored
  1033  300002                     	org	3145730
  1034  300002  FF                 	db	255
  1035                           
  1036                           ;Config register CONFIG4 @ 0x300003
  1037                           ;	Brown-out Reset Voltage Selection bits
  1038                           ;	BORV = VBOR_2P85, Brown-out Reset Voltage (VBOR) set to 2.8V
  1039                           ;	ZCD Disable bit
  1040                           ;	ZCD = OFF, ZCD module is disabled. ZCD can be enabled by setting the ZCDSEN bit of ZCD
      +                          CON
  1041                           ;	PPSLOCK bit One-Way Set Enable bit
  1042                           ;	PPS1WAY = ON, PPSLOCKED bit can be cleared and set only once; PPS registers remain loc
      +                          ked after one clear/set cycle
  1043                           ;	Stack Full/Underflow Reset Enable bit
  1044                           ;	STVREN = ON, Stack full/underflow will cause Reset
  1045                           ;	Low Voltage Programming Enable bit
  1046                           ;	LVP = ON, Low voltage programming enabled. MCLR/VPP pin function is MCLR. MCLRE config
      +                          uration bit is ignored
  1047                           ;	Extended Instruction Set Enable bit
  1048                           ;	XINST = OFF, Extended Instruction Set and Indexed Addressing Mode disabled
  1049  300003                     	org	3145731
  1050  300003  FC                 	db	252
  1051                           
  1052                           ;Config register CONFIG5 @ 0x300004
  1053                           ;	WDT Period selection bits
  1054                           ;	WDTCPS = WDTCPS_31, Divider ratio 1:65536; software control of WDTPS
  1055                           ;	WDT operating mode
  1056                           ;	WDTE = OFF, WDT Disabled; SWDTEN is ignored
  1057  300004                     	org	3145732
  1058  300004  9F                 	db	159
  1059                           
  1060                           ;Config register CONFIG6 @ 0x300005
  1061                           ;	WDT Window Select bits
  1062                           ;	WDTCWS = WDTCWS_7, window always open (100%); software control; keyed access not requi
      +                          red
  1063                           ;	WDT input clock selector
  1064                           ;	WDTCCS = SC, Software Control
  1065  300005                     	org	3145733
  1066  300005  FF                 	db	255
  1067                           
  1068                           ;Config register CONFIG7 @ 0x300006
  1069                           ;	Boot Block Size selection bits
  1070                           ;	BBSIZE = BBSIZE_512, Boot Block size is 512 words
  1071                           ;	Boot Block enable bit
  1072                           ;	BBEN = OFF, Boot block disabled
  1073                           ;	Storage Area Flash enable bit
  1074                           ;	SAFEN = OFF, SAF disabled
  1075                           ;	Background Debugger
  1076                           ;	DEBUG = OFF, Background Debugger disabled
  1077  300006                     	org	3145734
  1078  300006  FF                 	db	255
  1079                           
  1080                           ;Config register CONFIG8 @ 0x300007
  1081                           ;	Boot Block Write Protection bit
  1082                           ;	WRTB = OFF, Boot Block not Write protected
  1083                           ;	Configuration Register Write Protection bit
  1084                           ;	WRTC = OFF, Configuration registers not Write protected
  1085                           ;	Data EEPROM Write Protection bit
  1086                           ;	WRTD = OFF, Data EEPROM not Write protected
  1087                           ;	SAF Write protection bit
  1088                           ;	WRTSAF = OFF, SAF not Write Protected
  1089                           ;	Application Block write protection bit
  1090                           ;	WRTAPP = OFF, Application Block not write protected
  1091  300007                     	org	3145735
  1092  300007  FF                 	db	255
  1093                           
  1094                           ; Padding undefined space
  1095  300008                     	org	3145736
  1096  300008  FF                 	db	255
  1097                           
  1098                           ;Config register CONFIG10 @ 0x300009
  1099                           ;	PFM and Data EEPROM Code Protection bit
  1100                           ;	CP = OFF, PFM and Data EEPROM code protection disabled
  1101  300009                     	org	3145737
  1102  300009  FF                 	db	255
  1103                           tosu	equ	0x4FF
  1104                           tosh	equ	0x4FE
  1105                           tosl	equ	0x4FD
  1106                           stkptr	equ	0x4FC
  1107                           pclatu	equ	0x4FB
  1108                           pclath	equ	0x4FA
  1109                           pcl	equ	0x4F9
  1110                           tblptru	equ	0x4F8
  1111                           tblptrh	equ	0x4F7
  1112                           tblptrl	equ	0x4F6
  1113                           tablat	equ	0x4F5
  1114                           prodh	equ	0x4F4
  1115                           prodl	equ	0x4F3
  1116                           indf0	equ	0x4EF
  1117                           postinc0	equ	0x4EE
  1118                           postdec0	equ	0x4ED
  1119                           preinc0	equ	0x4EC
  1120                           plusw0	equ	0x4EB
  1121                           fsr0h	equ	0x4EA
  1122                           fsr0l	equ	0x4E9
  1123                           wreg	equ	0x4E8
  1124                           indf1	equ	0x4E7
  1125                           postinc1	equ	0x4E6
  1126                           postdec1	equ	0x4E5
  1127                           preinc1	equ	0x4E4
  1128                           plusw1	equ	0x4E3
  1129                           fsr1h	equ	0x4E2
  1130                           fsr1l	equ	0x4E1
  1131                           bsr	equ	0x4E0
  1132                           indf2	equ	0x4DF
  1133                           postinc2	equ	0x4DE
  1134                           postdec2	equ	0x4DD
  1135                           preinc2	equ	0x4DC
  1136                           plusw2	equ	0x4DB
  1137                           fsr2h	equ	0x4DA
  1138                           fsr2l	equ	0x4D9
  1139                           status	equ	0x4D8

Data Sizes:
    Strings     0
    Constant    0
    Data        256
    BSS         14
    Persistent  0
    Stack       0

Auto Spaces:
    Space          Size  Autos    Used
    COMRAM           95      6      20
    BANK5           160      0       0
    BANK6           256      0     256
    BANK7           256      0       0
    BANK8           256      0       0
    BANK9           256      0       0
    BANK10          256      0       0
    BANK11          256      0       0
    BANK12          256      0       0
    BANK13          256      0       0
    BANK14          256      0       0
    BANK15          256      0       0
    BANK16          256      0       0
    BANK17          256      0       0
    BANK18          256      0       0
    BANK19          256      0       0
    BANK20          256      0       0
    BANK21          256      0       0
    BANK22          256      0       0
    BANK23          256      0       0
    BANK24          256      0       0
    BANK25          256      0       0
    BANK26          256      0       0
    BANK27          256      0       0
    BANK28          256      0       0
    BANK29          256      0       0
    BANK30          256      0       0
    BANK31          256      0       0
    BANK32          256      0       0
    BANK33          256      0       0
    BANK34          256      0       0
    BANK35          256      0       0
    BANK36          256      0       0
    BANK37          256      0       0

Pointer List with Targets:

    None.

Critical Paths under _main in COMRAM

    _main->_TimeXus

Critical Paths under _main in BANK5

    None.

Critical Paths under _main in BANK6

    None.

Critical Paths under _main in BANK7

    None.

Critical Paths under _main in BANK8

    None.

Critical Paths under _main in BANK9

    None.

Critical Paths under _main in BANK10

    None.

Critical Paths under _main in BANK11

    None.

Critical Paths under _main in BANK12

    None.

Critical Paths under _main in BANK13

    None.

Critical Paths under _main in BANK14

    None.

Critical Paths under _main in BANK15

    None.

Critical Paths under _main in BANK16

    None.

Critical Paths under _main in BANK17

    None.

Critical Paths under _main in BANK18

    None.

Critical Paths under _main in BANK19

    None.

Critical Paths under _main in BANK20

    None.

Critical Paths under _main in BANK21

    None.

Critical Paths under _main in BANK22

    None.

Critical Paths under _main in BANK23

    None.

Critical Paths under _main in BANK24

    None.

Critical Paths under _main in BANK25

    None.

Critical Paths under _main in BANK26

    None.

Critical Paths under _main in BANK27

    None.

Critical Paths under _main in BANK28

    None.

Critical Paths under _main in BANK29

    None.

Critical Paths under _main in BANK30

    None.

Critical Paths under _main in BANK31

    None.

Critical Paths under _main in BANK32

    None.

Critical Paths under _main in BANK33

    None.

Critical Paths under _main in BANK34

    None.

Critical Paths under _main in BANK35

    None.

Critical Paths under _main in BANK36

    None.

Critical Paths under _main in BANK37

    None.

Call Graph Tables:

 ---------------------------------------------------------------------------------
 (Depth) Function   	        Calls       Base Space   Used Autos Params    Refs
 ---------------------------------------------------------------------------------
 (0) _main                                                 0     0      0     189
                         _ClockSetup
                          _GpioSetup
                       _SysTickSetup
                        _SystemSleep
                            _TimeXus
                  _UserAppInitialize
                         _UserAppRun
 ---------------------------------------------------------------------------------
 (1) _UserAppRun                                           0     0      0       0
 ---------------------------------------------------------------------------------
 (1) _UserAppInitialize                                    0     0      0       0
 ---------------------------------------------------------------------------------
 (1) _TimeXus                                              6     4      2     189
                                              0 COMRAM     6     4      2
 ---------------------------------------------------------------------------------
 (1) _SystemSleep                                          0     0      0       0
 ---------------------------------------------------------------------------------
 (1) _SysTickSetup                                         0     0      0       0
 ---------------------------------------------------------------------------------
 (1) _GpioSetup                                            0     0      0       0
 ---------------------------------------------------------------------------------
 (1) _ClockSetup                                           0     0      0       0
 ---------------------------------------------------------------------------------
 Estimated maximum stack depth 1
 ---------------------------------------------------------------------------------

 Call Graph Graphs:

 _main (ROOT)
   _ClockSetup
   _GpioSetup
   _SysTickSetup
   _SystemSleep
   _TimeXus
   _UserAppInitialize
   _UserAppRun

 Address spaces:
Name               Size   Autos  Total    Cost      Usage
BIGRAM            20FF      0       0      71        0.0%
EEDATA             400      0       0       0        0.0%
BITBANK37          100      0       0      70        0.0%
BANK37             100      0       0      68        0.0%
BITBANK36          100      0       0      66        0.0%
BANK36             100      0       0      67        0.0%
BITBANK35          100      0       0      64        0.0%
BANK35             100      0       0      65        0.0%
BITBANK34          100      0       0      62        0.0%
BANK34             100      0       0      63        0.0%
BITBANK33          100      0       0      60        0.0%
BANK33             100      0       0      61        0.0%
BITBANK32          100      0       0      58        0.0%
BANK32             100      0       0      59        0.0%
BITBANK31          100      0       0      56        0.0%
BANK31             100      0       0      57        0.0%
BITBANK30          100      0       0      54        0.0%
BANK30             100      0       0      55        0.0%
BITBANK29          100      0       0      52        0.0%
BANK29             100      0       0      53        0.0%
BITBANK28          100      0       0      50        0.0%
BANK28             100      0       0      51        0.0%
BITBANK27          100      0       0      48        0.0%
BANK27             100      0       0      49        0.0%
BITBANK26          100      0       0      46        0.0%
BANK26             100      0       0      47        0.0%
BITBANK25          100      0       0      44        0.0%
BANK25             100      0       0      45        0.0%
BITBANK24          100      0       0      42        0.0%
BANK24             100      0       0      43        0.0%
BITBANK23          100      0       0      40        0.0%
BANK23             100      0       0      41        0.0%
BITBANK22          100      0       0      38        0.0%
BANK22             100      0       0      39        0.0%
BITBANK21          100      0       0      36        0.0%
BANK21             100      0       0      37        0.0%
BITBANK20          100      0       0      34        0.0%
BANK20             100      0       0      35        0.0%
BITBANK19          100      0       0      32        0.0%
BANK19             100      0       0      33        0.0%
BITBANK18          100      0       0      30        0.0%
BANK18             100      0       0      31        0.0%
BITBANK17          100      0       0      28        0.0%
BANK17             100      0       0      29        0.0%
BITBANK16          100      0       0      26        0.0%
BANK16             100      0       0      27        0.0%
BITBANK15          100      0       0      24        0.0%
BANK15             100      0       0      25        0.0%
BITBANK14          100      0       0      22        0.0%
BANK14             100      0       0      23        0.0%
BITBANK13          100      0       0      20        0.0%
BANK13             100      0       0      21        0.0%
BITBANK12          100      0       0      18        0.0%
BANK12             100      0       0      19        0.0%
BITBANK11          100      0       0      16        0.0%
BANK11             100      0       0      17        0.0%
BITBANK10          100      0       0      14        0.0%
BANK10             100      0       0      15        0.0%
BITBANK9           100      0       0      12        0.0%
BANK9              100      0       0      13        0.0%
BITBANK8           100      0       0      10        0.0%
BANK8              100      0       0      11        0.0%
BITBANK7           100      0       0       8        0.0%
BANK7              100      0       0       9        0.0%
BITBANK6           100      0       0       6        0.0%
BANK6              100      0     100       7      100.0%
BITBANK5            A0      0       0       4        0.0%
BANK5               A0      0       0       5        0.0%
BITCOMRAM           5F      0       0       0        0.0%
COMRAM              5F      6      14       1       21.1%
BITSFR_5             0      0       0     200        0.0%
SFR_5                0      0       0     200        0.0%
BITSFR_4             0      0       0     200        0.0%
SFR_4                0      0       0     200        0.0%
BITSFR_3             0      0       0     200        0.0%
SFR_3                0      0       0     200        0.0%
BITSFR_2             0      0       0     200        0.0%
SFR_2                0      0       0     200        0.0%
BITSFR_1             0      0       0     200        0.0%
SFR_1                0      0       0     200        0.0%
BITSFR               0      0       0     200        0.0%
SFR                  0      0       0     200        0.0%
STACK                0      0       0       2        0.0%
NULL                 0      0       0       0        0.0%
ABS                  0      0     114      69        0.0%
DATA                 0      0     114       3        0.0%
CODE                 0      0       0       0        0.0%


Microchip Technology PIC18 Macro Assembler V2.31 build 20201012212115 
Symbol Table                                                                                   Tue Mar 09 23:24:19 2021

        __size_of_SysTickSetup 0022                             l21 FE1C                             l15 FDD6  
                           l24 FDD8                             l18 FDFA                             l52 FEA8  
                           l74 FDE4                             l82 FEFA                             l85 FE4A  
                           u10 FECE                             u11 FECA                             u30 FEB6  
                           u31 FEB2                            l811 FE1E                            l821 FE38  
                          l813 FE22                            l823 FE3E                            l815 FE2A  
                          l831 FE88                            l761 FDE6                            l809 FDFC  
                          l825 FE44                            l817 FE2E                            l841 FE9C  
                          l833 FE8C                            l819 FE32                            l771 FEE0  
                          l835 FE90                            l827 FE82                            l765 FDDA  
                          l773 FEE4                            l837 FE94                            l829 FE84  
                          l775 FEF6                            l767 FEBE                            l839 FE98  
                          l769 FECE                            wreg 0004E8                           _LATA 0004BE  
                         _PIR3 0004B1                           _main FE82                   _SysTickSetup FDFC  
                         fsr1h 0004E2                           indf2 0004DF                           fsr1l 0004E1  
                         fsr2l 0004D9                           start FFFC           __size_of_SystemSleep 0002  
                 ___param_bank 000000                     _ClockSetup FDD6                __end_of_TimeXus FE4C  
                        ?_main 050F                          _TMR0H 000319                          _TMR0L 000318  
                        _TRISA 0004C6  UserAppRun@UserApp_au8sinTable 0600                          tablat 0004F5  
                        status 0004D8                __initialization FE4C                   __end_of_main FEBE  
           TimeXus@u8HighInput 0512                         ??_main 0515                  __activetblptr 000000  
                       _ANSELA 000400                         _T0CON0 00031A                         _T0CON1 00031B  
           __size_of_GpioSetup 0016                      ??_TimeXus 0511                    ?_ClockSetup 050F  
                       clear_0 FE76                         tblptrh 0004F7                         tblptrl 0004F6  
                       tblptru 0004F8                     _UserAppRun FEBE                     __accesstop 0560  
      __end_of__initialization FE7C                  ___rparam_used 000001               _G_u8UserAppFlags 050E  
               __pcstackCOMRAM 050F                   __pidataBANK6 FEFC         TimeXus@u16Microseconds 050F  
            __end_of_GpioSetup FDFC            __size_of_ClockSetup 0002                        _DAC1CON 00007F  
                  ?_UserAppRun 050F                  ??_SystemSleep 050F                        __Hparam 0000  
                      __Lparam 0000                        _TimeXus FE1E                        __pcinit FE4C  
                      __ramtop 2600                        __ptext0 FE82                        __ptext1 FEBE  
                      __ptext2 FDDA                        __ptext3 FE1E                        __ptext4 FDD8  
                      __ptext5 FDFC                        __ptext6 FDE6                        __ptext7 FDD6  
         end_of_initialization FE7C               _G_u32SystemFlags 0501                        postdec1 0004E5  
                      postinc0 0004EE            __end_of_SystemSleep FDDA                   ??_ClockSetup 050F  
          __size_of_UserAppRun 003E             __end_of_ClockSetup FDD8                      _GpioSetup FDE6  
          start_initialization FE4C                  ?_SysTickSetup 050F              TimeXus@u8LowInput 0511  
                  _SystemSleep FDD8                    __pdataBANK6 0600                     ?_GpioSetup 050F  
                  __pbssCOMRAM 0501              _UserAppInitialize FDDA                   ??_UserAppRun 050F  
           ?_UserAppInitialize 050F                 ??_SysTickSetup 050F            ??_UserAppInitialize 050F  
                     ?_TimeXus 050F             __end_of_UserAppRun FEFC                       _DAC1DATL 00007D  
    __end_of_UserAppInitialize FDE6                    ??_GpioSetup 050F                      copy_data0 FE60  
                     __Hrparam 0000                       __Lrparam 0000               __size_of_TimeXus 002E  
          UserAppRun@u8Counter 050D           __end_of_SysTickSetup FE1E     __size_of_UserAppInitialize 000C  
                __size_of_main 003C                   ?_SystemSleep 050F             _G_u32SystemTime1ms 0509  
            _G_u32SystemTime1s 0505             TimeXus@u16OverFlow 0513  
